[0.006s] Invoking command in '/home/zy/dobot_ws/build/obstacle_avoidance': CMAKE_PREFIX_PATH=${CMAKE_PREFIX_PATH}:/home/zy/dobot_ws/install/servo_action:/home/zy/dobot_ws/install/dobot_bringup_v3:/home/zy/dobot_ws/install/dobot_moveit:/home/zy/dobot_ws/install/dobot_demo:/opt/ros/humble /usr/bin/cmake /home/zy/dobot_ws/src/obstacle_avoidance -DCMAKE_INSTALL_PREFIX=/home/zy/dobot_ws/install/obstacle_avoidance
[0.046s] -- The C compiler identification is GNU 11.4.0
[0.082s] -- The CXX compiler identification is GNU 11.4.0
[0.088s] -- Detecting C compiler ABI info
[0.134s] -- Detecting C compiler ABI info - done
[0.138s] -- Check for working C compiler: /usr/bin/cc - skipped
[0.138s] -- Detecting C compile features
[0.138s] -- Detecting C compile features - done
[0.139s] -- Detecting CXX compiler ABI info
[0.187s] -- Detecting CXX compiler ABI info - done
[0.193s] -- Check for working CXX compiler: /usr/bin/c++ - skipped
[0.193s] -- Detecting CXX compile features
[0.193s] -- Detecting CXX compile features - done
[0.195s] -- Found ament_cmake: 1.3.12 (/opt/ros/humble/share/ament_cmake/cmake)
[0.298s] -- Found Python3: /usr/bin/python3 (found version "3.10.12") found components: Interpreter 
[0.389s] -- Configuring done
[0.390s] -- Generating done
[0.391s] -- Build files have been written to: /home/zy/dobot_ws/build/obstacle_avoidance
[0.394s] Invoked command in '/home/zy/dobot_ws/build/obstacle_avoidance' returned '0': CMAKE_PREFIX_PATH=${CMAKE_PREFIX_PATH}:/home/zy/dobot_ws/install/servo_action:/home/zy/dobot_ws/install/dobot_bringup_v3:/home/zy/dobot_ws/install/dobot_moveit:/home/zy/dobot_ws/install/dobot_demo:/opt/ros/humble /usr/bin/cmake /home/zy/dobot_ws/src/obstacle_avoidance -DCMAKE_INSTALL_PREFIX=/home/zy/dobot_ws/install/obstacle_avoidance
[0.394s] Invoking command in '/home/zy/dobot_ws/build/obstacle_avoidance': CMAKE_PREFIX_PATH=${CMAKE_PREFIX_PATH}:/home/zy/dobot_ws/install/servo_action:/home/zy/dobot_ws/install/dobot_bringup_v3:/home/zy/dobot_ws/install/dobot_moveit:/home/zy/dobot_ws/install/dobot_demo:/opt/ros/humble /usr/bin/cmake --build /home/zy/dobot_ws/build/obstacle_avoidance -- -j32 -l32
[0.420s] Invoked command in '/home/zy/dobot_ws/build/obstacle_avoidance' returned '0': CMAKE_PREFIX_PATH=${CMAKE_PREFIX_PATH}:/home/zy/dobot_ws/install/servo_action:/home/zy/dobot_ws/install/dobot_bringup_v3:/home/zy/dobot_ws/install/dobot_moveit:/home/zy/dobot_ws/install/dobot_demo:/opt/ros/humble /usr/bin/cmake --build /home/zy/dobot_ws/build/obstacle_avoidance -- -j32 -l32
[0.426s] Invoking command in '/home/zy/dobot_ws/build/obstacle_avoidance': CMAKE_PREFIX_PATH=${CMAKE_PREFIX_PATH}:/home/zy/dobot_ws/install/servo_action:/home/zy/dobot_ws/install/dobot_bringup_v3:/home/zy/dobot_ws/install/dobot_moveit:/home/zy/dobot_ws/install/dobot_demo:/opt/ros/humble /usr/bin/cmake --install /home/zy/dobot_ws/build/obstacle_avoidance
[0.431s] -- Install configuration: ""
[0.431s] -- Installing: /home/zy/dobot_ws/install/obstacle_avoidance/share/obstacle_avoidance/launch
[0.431s] -- Installing: /home/zy/dobot_ws/install/obstacle_avoidance/share/obstacle_avoidance/launch/octomap.launch.py
[0.432s] -- Installing: /home/zy/dobot_ws/install/obstacle_avoidance/share/obstacle_avoidance/config
[0.432s] -- Installing: /home/zy/dobot_ws/install/obstacle_avoidance/share/obstacle_avoidance/config/octomap_config.yaml
[0.432s] -- Installing: /home/zy/dobot_ws/install/obstacle_avoidance/share/ament_index/resource_index/package_run_dependencies/obstacle_avoidance
[0.432s] -- Installing: /home/zy/dobot_ws/install/obstacle_avoidance/share/ament_index/resource_index/parent_prefix_path/obstacle_avoidance
[0.432s] -- Installing: /home/zy/dobot_ws/install/obstacle_avoidance/share/obstacle_avoidance/environment/ament_prefix_path.sh
[0.432s] -- Installing: /home/zy/dobot_ws/install/obstacle_avoidance/share/obstacle_avoidance/environment/ament_prefix_path.dsv
[0.432s] -- Installing: /home/zy/dobot_ws/install/obstacle_avoidance/share/obstacle_avoidance/environment/path.sh
[0.432s] -- Installing: /home/zy/dobot_ws/install/obstacle_avoidance/share/obstacle_avoidance/environment/path.dsv
[0.432s] -- Installing: /home/zy/dobot_ws/install/obstacle_avoidance/share/obstacle_avoidance/local_setup.bash
[0.432s] -- Installing: /home/zy/dobot_ws/install/obstacle_avoidance/share/obstacle_avoidance/local_setup.sh
[0.432s] -- Installing: /home/zy/dobot_ws/install/obstacle_avoidance/share/obstacle_avoidance/local_setup.zsh
[0.432s] -- Installing: /home/zy/dobot_ws/install/obstacle_avoidance/share/obstacle_avoidance/local_setup.dsv
[0.432s] -- Installing: /home/zy/dobot_ws/install/obstacle_avoidance/share/obstacle_avoidance/package.dsv
[0.432s] -- Installing: /home/zy/dobot_ws/install/obstacle_avoidance/share/ament_index/resource_index/packages/obstacle_avoidance
[0.432s] -- Installing: /home/zy/dobot_ws/install/obstacle_avoidance/share/obstacle_avoidance/cmake/obstacle_avoidanceConfig.cmake
[0.432s] -- Installing: /home/zy/dobot_ws/install/obstacle_avoidance/share/obstacle_avoidance/cmake/obstacle_avoidanceConfig-version.cmake
[0.432s] -- Installing: /home/zy/dobot_ws/install/obstacle_avoidance/share/obstacle_avoidance/package.xml
[0.433s] Invoked command in '/home/zy/dobot_ws/build/obstacle_avoidance' returned '0': CMAKE_PREFIX_PATH=${CMAKE_PREFIX_PATH}:/home/zy/dobot_ws/install/servo_action:/home/zy/dobot_ws/install/dobot_bringup_v3:/home/zy/dobot_ws/install/dobot_moveit:/home/zy/dobot_ws/install/dobot_demo:/opt/ros/humble /usr/bin/cmake --install /home/zy/dobot_ws/build/obstacle_avoidance
