-- Install configuration: ""
-- Up-to-date: /home/zy/dobot_ws/install/dobot_rviz/share/dobot_rviz/launch
-- Up-to-date: /home/zy/dobot_ws/install/dobot_rviz/share/dobot_rviz/launch/dobot_rviz.launch.py
-- Up-to-date: /home/zy/dobot_ws/install/dobot_rviz/share/dobot_rviz/urdf
-- Up-to-date: /home/zy/dobot_ws/install/dobot_rviz/share/dobot_rviz/urdf/nova2_robot.urdf
-- Up-to-date: /home/zy/dobot_ws/install/dobot_rviz/share/dobot_rviz/urdf/cr12_robot.urdf
-- Up-to-date: /home/zy/dobot_ws/install/dobot_rviz/share/dobot_rviz/urdf/cr16_robot.urdf
-- Up-to-date: /home/zy/dobot_ws/install/dobot_rviz/share/dobot_rviz/urdf/cr3_robot.urdf
-- Up-to-date: /home/zy/dobot_ws/install/dobot_rviz/share/dobot_rviz/urdf/cr7_robot.urdf
-- Up-to-date: /home/zy/dobot_ws/install/dobot_rviz/share/dobot_rviz/urdf/nova5_robot.urdf
-- Up-to-date: /home/zy/dobot_ws/install/dobot_rviz/share/dobot_rviz/urdf/cr10_robot.urdf
-- Up-to-date: /home/zy/dobot_ws/install/dobot_rviz/share/dobot_rviz/urdf/cr5_robot.urdf
-- Up-to-date: /home/zy/dobot_ws/install/dobot_rviz/share/dobot_rviz/rviz
-- Up-to-date: /home/zy/dobot_ws/install/dobot_rviz/share/dobot_rviz/rviz/urdf.rviz
-- Up-to-date: /home/zy/dobot_ws/install/dobot_rviz/share/dobot_rviz/meshes
-- Up-to-date: /home/zy/dobot_ws/install/dobot_rviz/share/dobot_rviz/meshes/nova2
-- Up-to-date: /home/zy/dobot_ws/install/dobot_rviz/share/dobot_rviz/meshes/nova2/Link1.STL
-- Up-to-date: /home/zy/dobot_ws/install/dobot_rviz/share/dobot_rviz/meshes/nova2/Link5.STL
-- Up-to-date: /home/zy/dobot_ws/install/dobot_rviz/share/dobot_rviz/meshes/nova2/Link3.STL
-- Up-to-date: /home/zy/dobot_ws/install/dobot_rviz/share/dobot_rviz/meshes/nova2/Link6.STL
-- Up-to-date: /home/zy/dobot_ws/install/dobot_rviz/share/dobot_rviz/meshes/nova2/base_link.STL
-- Up-to-date: /home/zy/dobot_ws/install/dobot_rviz/share/dobot_rviz/meshes/nova2/Link2.STL
-- Up-to-date: /home/zy/dobot_ws/install/dobot_rviz/share/dobot_rviz/meshes/nova2/Link4.STL
-- Up-to-date: /home/zy/dobot_ws/install/dobot_rviz/share/dobot_rviz/meshes/cr16
-- Up-to-date: /home/zy/dobot_ws/install/dobot_rviz/share/dobot_rviz/meshes/cr16/Link1.STL
-- Up-to-date: /home/zy/dobot_ws/install/dobot_rviz/share/dobot_rviz/meshes/cr16/Link5.STL
-- Up-to-date: /home/zy/dobot_ws/install/dobot_rviz/share/dobot_rviz/meshes/cr16/Link3.STL
-- Up-to-date: /home/zy/dobot_ws/install/dobot_rviz/share/dobot_rviz/meshes/cr16/Link6.STL
-- Up-to-date: /home/zy/dobot_ws/install/dobot_rviz/share/dobot_rviz/meshes/cr16/base_link.STL
-- Up-to-date: /home/zy/dobot_ws/install/dobot_rviz/share/dobot_rviz/meshes/cr16/Link2.STL
-- Up-to-date: /home/zy/dobot_ws/install/dobot_rviz/share/dobot_rviz/meshes/cr16/Link4.STL
-- Up-to-date: /home/zy/dobot_ws/install/dobot_rviz/share/dobot_rviz/meshes/cr12
-- Up-to-date: /home/zy/dobot_ws/install/dobot_rviz/share/dobot_rviz/meshes/cr12/J3.STL
-- Up-to-date: /home/zy/dobot_ws/install/dobot_rviz/share/dobot_rviz/meshes/cr12/J1.STL
-- Up-to-date: /home/zy/dobot_ws/install/dobot_rviz/share/dobot_rviz/meshes/cr12/J6.STL
-- Up-to-date: /home/zy/dobot_ws/install/dobot_rviz/share/dobot_rviz/meshes/cr12/J4.STL
-- Up-to-date: /home/zy/dobot_ws/install/dobot_rviz/share/dobot_rviz/meshes/cr12/base_link0.STL
-- Up-to-date: /home/zy/dobot_ws/install/dobot_rviz/share/dobot_rviz/meshes/cr12/J5.STL
-- Up-to-date: /home/zy/dobot_ws/install/dobot_rviz/share/dobot_rviz/meshes/cr12/J2.STL
-- Up-to-date: /home/zy/dobot_ws/install/dobot_rviz/share/dobot_rviz/meshes/cr5
-- Up-to-date: /home/zy/dobot_ws/install/dobot_rviz/share/dobot_rviz/meshes/cr5/Link2.dae
-- Up-to-date: /home/zy/dobot_ws/install/dobot_rviz/share/dobot_rviz/meshes/cr5/Link4.dae
-- Up-to-date: /home/zy/dobot_ws/install/dobot_rviz/share/dobot_rviz/meshes/cr5/Link6.dae
-- Up-to-date: /home/zy/dobot_ws/install/dobot_rviz/share/dobot_rviz/meshes/cr5/Link5.dae
-- Up-to-date: /home/zy/dobot_ws/install/dobot_rviz/share/dobot_rviz/meshes/cr5/Link1.dae
-- Up-to-date: /home/zy/dobot_ws/install/dobot_rviz/share/dobot_rviz/meshes/cr5/Link3.dae
-- Up-to-date: /home/zy/dobot_ws/install/dobot_rviz/share/dobot_rviz/meshes/cr5/base_link.dae
-- Up-to-date: /home/zy/dobot_ws/install/dobot_rviz/share/dobot_rviz/meshes/cr3
-- Up-to-date: /home/zy/dobot_ws/install/dobot_rviz/share/dobot_rviz/meshes/cr3/Link1.STL
-- Up-to-date: /home/zy/dobot_ws/install/dobot_rviz/share/dobot_rviz/meshes/cr3/Link5.STL
-- Up-to-date: /home/zy/dobot_ws/install/dobot_rviz/share/dobot_rviz/meshes/cr3/Link3.STL
-- Up-to-date: /home/zy/dobot_ws/install/dobot_rviz/share/dobot_rviz/meshes/cr3/Link6.STL
-- Up-to-date: /home/zy/dobot_ws/install/dobot_rviz/share/dobot_rviz/meshes/cr3/base_link.STL
-- Up-to-date: /home/zy/dobot_ws/install/dobot_rviz/share/dobot_rviz/meshes/cr3/Link2.STL
-- Up-to-date: /home/zy/dobot_ws/install/dobot_rviz/share/dobot_rviz/meshes/cr3/Link4.STL
-- Up-to-date: /home/zy/dobot_ws/install/dobot_rviz/share/dobot_rviz/meshes/nova5
-- Up-to-date: /home/zy/dobot_ws/install/dobot_rviz/share/dobot_rviz/meshes/nova5/Link1.STL
-- Up-to-date: /home/zy/dobot_ws/install/dobot_rviz/share/dobot_rviz/meshes/nova5/Link5.STL
-- Up-to-date: /home/zy/dobot_ws/install/dobot_rviz/share/dobot_rviz/meshes/nova5/Link3.STL
-- Up-to-date: /home/zy/dobot_ws/install/dobot_rviz/share/dobot_rviz/meshes/nova5/Link6.STL
-- Up-to-date: /home/zy/dobot_ws/install/dobot_rviz/share/dobot_rviz/meshes/nova5/base_link.STL
-- Up-to-date: /home/zy/dobot_ws/install/dobot_rviz/share/dobot_rviz/meshes/nova5/Link2.STL
-- Up-to-date: /home/zy/dobot_ws/install/dobot_rviz/share/dobot_rviz/meshes/nova5/Link4.STL
-- Up-to-date: /home/zy/dobot_ws/install/dobot_rviz/share/dobot_rviz/meshes/cr10
-- Up-to-date: /home/zy/dobot_ws/install/dobot_rviz/share/dobot_rviz/meshes/cr10/Link1.STL
-- Up-to-date: /home/zy/dobot_ws/install/dobot_rviz/share/dobot_rviz/meshes/cr10/Link5.STL
-- Up-to-date: /home/zy/dobot_ws/install/dobot_rviz/share/dobot_rviz/meshes/cr10/Link3.STL
-- Up-to-date: /home/zy/dobot_ws/install/dobot_rviz/share/dobot_rviz/meshes/cr10/Link6.STL
-- Up-to-date: /home/zy/dobot_ws/install/dobot_rviz/share/dobot_rviz/meshes/cr10/base_link.STL
-- Up-to-date: /home/zy/dobot_ws/install/dobot_rviz/share/dobot_rviz/meshes/cr10/Link2.STL
-- Up-to-date: /home/zy/dobot_ws/install/dobot_rviz/share/dobot_rviz/meshes/cr10/Link4.STL
-- Up-to-date: /home/zy/dobot_ws/install/dobot_rviz/share/dobot_rviz/meshes/cr7
-- Up-to-date: /home/zy/dobot_ws/install/dobot_rviz/share/dobot_rviz/meshes/cr7/J3.STL
-- Up-to-date: /home/zy/dobot_ws/install/dobot_rviz/share/dobot_rviz/meshes/cr7/J1.STL
-- Up-to-date: /home/zy/dobot_ws/install/dobot_rviz/share/dobot_rviz/meshes/cr7/J6.STL
-- Up-to-date: /home/zy/dobot_ws/install/dobot_rviz/share/dobot_rviz/meshes/cr7/J4.STL
-- Up-to-date: /home/zy/dobot_ws/install/dobot_rviz/share/dobot_rviz/meshes/cr7/base_link0.STL
-- Up-to-date: /home/zy/dobot_ws/install/dobot_rviz/share/dobot_rviz/meshes/cr7/J5.STL
-- Up-to-date: /home/zy/dobot_ws/install/dobot_rviz/share/dobot_rviz/meshes/cr7/J2.STL
-- Up-to-date: /home/zy/dobot_ws/install/dobot_rviz/share/ament_index/resource_index/package_run_dependencies/dobot_rviz
-- Up-to-date: /home/zy/dobot_ws/install/dobot_rviz/share/ament_index/resource_index/parent_prefix_path/dobot_rviz
-- Up-to-date: /home/zy/dobot_ws/install/dobot_rviz/share/dobot_rviz/environment/ament_prefix_path.sh
-- Up-to-date: /home/zy/dobot_ws/install/dobot_rviz/share/dobot_rviz/environment/ament_prefix_path.dsv
-- Up-to-date: /home/zy/dobot_ws/install/dobot_rviz/share/dobot_rviz/environment/path.sh
-- Up-to-date: /home/zy/dobot_ws/install/dobot_rviz/share/dobot_rviz/environment/path.dsv
-- Up-to-date: /home/zy/dobot_ws/install/dobot_rviz/share/dobot_rviz/local_setup.bash
-- Up-to-date: /home/zy/dobot_ws/install/dobot_rviz/share/dobot_rviz/local_setup.sh
-- Up-to-date: /home/zy/dobot_ws/install/dobot_rviz/share/dobot_rviz/local_setup.zsh
-- Up-to-date: /home/zy/dobot_ws/install/dobot_rviz/share/dobot_rviz/local_setup.dsv
-- Up-to-date: /home/zy/dobot_ws/install/dobot_rviz/share/dobot_rviz/package.dsv
-- Up-to-date: /home/zy/dobot_ws/install/dobot_rviz/share/ament_index/resource_index/packages/dobot_rviz
-- Up-to-date: /home/zy/dobot_ws/install/dobot_rviz/share/dobot_rviz/cmake/dobot_rvizConfig.cmake
-- Up-to-date: /home/zy/dobot_ws/install/dobot_rviz/share/dobot_rviz/cmake/dobot_rvizConfig-version.cmake
-- Up-to-date: /home/zy/dobot_ws/install/dobot_rviz/share/dobot_rviz/package.xml
