[1.201s] Invoking command in '/home/zy/dobot_ws/src/DOBOT_6Axis_ROS2_V3/dobot_moveit': PYTHONPATH=/home/zy/dobot_ws/build/dobot_moveit/prefix_override:/usr/lib/python3/dist-packages/colcon_core/task/python/colcon_distutils_commands:/home/zy/dobot_ws/install/dobot_moveit/lib/python3.10/site-packages:${PYTHONPATH} /usr/bin/python3 -W ignore:setup.py install is deprecated -W ignore:easy_install command is deprecated setup.py egg_info --egg-base ../../../build/dobot_moveit build --build-base /home/zy/dobot_ws/build/dobot_moveit/build install --record /home/zy/dobot_ws/build/dobot_moveit/install.log --single-version-externally-managed install_data
[1.392s] running egg_info
[1.393s] writing ../../../build/dobot_moveit/dobot_moveit.egg-info/PKG-INFO
[1.394s] writing dependency_links to ../../../build/dobot_moveit/dobot_moveit.egg-info/dependency_links.txt
[1.394s] writing entry points to ../../../build/dobot_moveit/dobot_moveit.egg-info/entry_points.txt
[1.394s] writing requirements to ../../../build/dobot_moveit/dobot_moveit.egg-info/requires.txt
[1.394s] writing top-level names to ../../../build/dobot_moveit/dobot_moveit.egg-info/top_level.txt
[1.395s] reading manifest file '../../../build/dobot_moveit/dobot_moveit.egg-info/SOURCES.txt'
[1.395s] writing manifest file '../../../build/dobot_moveit/dobot_moveit.egg-info/SOURCES.txt'
[1.396s] running build
[1.396s] running build_py
[1.396s] running install
[1.396s] running install_lib
[1.397s] running install_data
[1.398s] running install_egg_info
[1.399s] removing '/home/zy/dobot_ws/install/dobot_moveit/lib/python3.10/site-packages/dobot_moveit-0.0.0-py3.10.egg-info' (and everything under it)
[1.399s] Copying ../../../build/dobot_moveit/dobot_moveit.egg-info to /home/zy/dobot_ws/install/dobot_moveit/lib/python3.10/site-packages/dobot_moveit-0.0.0-py3.10.egg-info
[1.400s] running install_scripts
[1.420s] Installing action_move_server script to /home/zy/dobot_ws/install/dobot_moveit/lib/dobot_moveit
[1.420s] Installing joint_states script to /home/zy/dobot_ws/install/dobot_moveit/lib/dobot_moveit
[1.421s] writing list of installed files to '/home/zy/dobot_ws/build/dobot_moveit/install.log'
[1.442s] Invoked command in '/home/zy/dobot_ws/src/DOBOT_6Axis_ROS2_V3/dobot_moveit' returned '0': PYTHONPATH=/home/zy/dobot_ws/build/dobot_moveit/prefix_override:/usr/lib/python3/dist-packages/colcon_core/task/python/colcon_distutils_commands:/home/zy/dobot_ws/install/dobot_moveit/lib/python3.10/site-packages:${PYTHONPATH} /usr/bin/python3 -W ignore:setup.py install is deprecated -W ignore:easy_install command is deprecated setup.py egg_info --egg-base ../../../build/dobot_moveit build --build-base /home/zy/dobot_ws/build/dobot_moveit/build install --record /home/zy/dobot_ws/build/dobot_moveit/install.log --single-version-externally-managed install_data
