[0.006s] Invoking command in '/home/zy/dobot_ws/build/obstacle_avoidance': CMAKE_PREFIX_PATH=${CMAKE_PREFIX_PATH}:/home/zy/dobot_ws/install/servo_action:/home/zy/dobot_ws/install/dobot_bringup_v3:/home/zy/dobot_ws/install/dobot_moveit:/home/zy/dobot_ws/install/dobot_demo:/opt/ros/humble /usr/bin/cmake --build /home/zy/dobot_ws/build/obstacle_avoidance -- -j32 -l32
[0.040s] Invoked command in '/home/zy/dobot_ws/build/obstacle_avoidance' returned '0': CMAKE_PREFIX_PATH=${CMAKE_PREFIX_PATH}:/home/zy/dobot_ws/install/servo_action:/home/zy/dobot_ws/install/dobot_bringup_v3:/home/zy/dobot_ws/install/dobot_moveit:/home/zy/dobot_ws/install/dobot_demo:/opt/ros/humble /usr/bin/cmake --build /home/zy/dobot_ws/build/obstacle_avoidance -- -j32 -l32
[0.053s] Invoking command in '/home/zy/dobot_ws/build/obstacle_avoidance': CMAKE_PREFIX_PATH=${CMAKE_PREFIX_PATH}:/home/zy/dobot_ws/install/servo_action:/home/zy/dobot_ws/install/dobot_bringup_v3:/home/zy/dobot_ws/install/dobot_moveit:/home/zy/dobot_ws/install/dobot_demo:/opt/ros/humble /usr/bin/cmake --install /home/zy/dobot_ws/build/obstacle_avoidance
[0.062s] -- Install configuration: ""
[0.062s] -- Up-to-date: /home/zy/dobot_ws/install/obstacle_avoidance/share/obstacle_avoidance/launch
[0.062s] -- Up-to-date: /home/zy/dobot_ws/install/obstacle_avoidance/share/obstacle_avoidance/launch/camera.launch.py
[0.062s] -- Up-to-date: /home/zy/dobot_ws/install/obstacle_avoidance/share/obstacle_avoidance/launch/camera_tf.launch.py
[0.063s] -- Up-to-date: /home/zy/dobot_ws/install/obstacle_avoidance/share/obstacle_avoidance/launch/octomap.launch.py
[0.063s] -- Up-to-date: /home/zy/dobot_ws/install/obstacle_avoidance/share/obstacle_avoidance/launch/obstacle_avoidance.launch.py
[0.063s] -- Up-to-date: /home/zy/dobot_ws/install/obstacle_avoidance/share/obstacle_avoidance/launch/move_group_sensors.launch.py
[0.063s] -- Up-to-date: /home/zy/dobot_ws/install/obstacle_avoidance/share/obstacle_avoidance/config
[0.063s] -- Up-to-date: /home/zy/dobot_ws/install/obstacle_avoidance/share/obstacle_avoidance/config/octomap_config.yaml
[0.063s] -- Up-to-date: /home/zy/dobot_ws/install/obstacle_avoidance/lib/obstacle_avoidance/octomap_to_planning_scene.py
[0.063s] -- Up-to-date: /home/zy/dobot_ws/install/obstacle_avoidance/lib/obstacle_avoidance/self_filter.py
[0.063s] -- Up-to-date: /home/zy/dobot_ws/install/obstacle_avoidance/share/ament_index/resource_index/package_run_dependencies/obstacle_avoidance
[0.064s] -- Up-to-date: /home/zy/dobot_ws/install/obstacle_avoidance/share/ament_index/resource_index/parent_prefix_path/obstacle_avoidance
[0.064s] -- Up-to-date: /home/zy/dobot_ws/install/obstacle_avoidance/share/obstacle_avoidance/environment/ament_prefix_path.sh
[0.064s] -- Up-to-date: /home/zy/dobot_ws/install/obstacle_avoidance/share/obstacle_avoidance/environment/ament_prefix_path.dsv
[0.064s] -- Up-to-date: /home/zy/dobot_ws/install/obstacle_avoidance/share/obstacle_avoidance/environment/path.sh
[0.064s] -- Up-to-date: /home/zy/dobot_ws/install/obstacle_avoidance/share/obstacle_avoidance/environment/path.dsv
[0.064s] -- Up-to-date: /home/zy/dobot_ws/install/obstacle_avoidance/share/obstacle_avoidance/local_setup.bash
[0.065s] -- Up-to-date: /home/zy/dobot_ws/install/obstacle_avoidance/share/obstacle_avoidance/local_setup.sh
[0.065s] -- Up-to-date: /home/zy/dobot_ws/install/obstacle_avoidance/share/obstacle_avoidance/local_setup.zsh
[0.065s] -- Up-to-date: /home/zy/dobot_ws/install/obstacle_avoidance/share/obstacle_avoidance/local_setup.dsv
[0.065s] -- Installing: /home/zy/dobot_ws/install/obstacle_avoidance/share/obstacle_avoidance/package.dsv
[0.065s] -- Up-to-date: /home/zy/dobot_ws/install/obstacle_avoidance/share/ament_index/resource_index/packages/obstacle_avoidance
[0.065s] -- Up-to-date: /home/zy/dobot_ws/install/obstacle_avoidance/share/obstacle_avoidance/cmake/obstacle_avoidanceConfig.cmake
[0.065s] -- Up-to-date: /home/zy/dobot_ws/install/obstacle_avoidance/share/obstacle_avoidance/cmake/obstacle_avoidanceConfig-version.cmake
[0.065s] -- Up-to-date: /home/zy/dobot_ws/install/obstacle_avoidance/share/obstacle_avoidance/package.xml
[0.066s] Invoked command in '/home/zy/dobot_ws/build/obstacle_avoidance' returned '0': CMAKE_PREFIX_PATH=${CMAKE_PREFIX_PATH}:/home/zy/dobot_ws/install/servo_action:/home/zy/dobot_ws/install/dobot_bringup_v3:/home/zy/dobot_ws/install/dobot_moveit:/home/zy/dobot_ws/install/dobot_demo:/opt/ros/humble /usr/bin/cmake --install /home/zy/dobot_ws/build/obstacle_avoidance
