[0.196s] Invoking command in '/home/zy/dobot_ws/build/nova5_moveit': AMENT_PREFIX_PATH=/home/zy/dobot_ws/install/dobot_rviz:${AMENT_PREFIX_PATH} CMAKE_PREFIX_PATH=/home/zy/dobot_ws/install/dobot_rviz:/opt/ros/humble /usr/bin/cmake /home/zy/dobot_ws/src/DOBOT_6Axis_ROS2_V3/nova5_moveit -DCMAKE_INSTALL_PREFIX=/home/zy/dobot_ws/install/nova5_moveit
[0.526s] -- The C compiler identification is GNU 11.4.0
[0.983s] -- The CXX compiler identification is GNU 11.4.0
[1.038s] -- Detecting C compiler ABI info
[1.462s] -- Detecting C compiler ABI info - done
[1.513s] -- Check for working C compiler: /usr/bin/cc - skipped
[1.515s] -- Detecting C compile features
[1.518s] -- Detecting C compile features - done
[1.538s] -- Detecting CXX compiler ABI info
[2.017s] -- Detecting CXX compiler ABI info - done
[2.071s] -- Check for working CXX compiler: /usr/bin/c++ - skipped
[2.075s] -- Detecting CXX compile features
[2.079s] -- Detecting CXX compile features - done
[2.091s] -- Found ament_cmake: 1.3.12 (/opt/ros/humble/share/ament_cmake/cmake)
[3.059s] -- Found Python3: /usr/bin/python3 (found version "3.10.12") found components: Interpreter 
[4.137s] -- Configuring done
[4.151s] -- Generating done
[4.159s] -- Build files have been written to: /home/zy/dobot_ws/build/nova5_moveit
[4.197s] Invoked command in '/home/zy/dobot_ws/build/nova5_moveit' returned '0': AMENT_PREFIX_PATH=/home/zy/dobot_ws/install/dobot_rviz:${AMENT_PREFIX_PATH} CMAKE_PREFIX_PATH=/home/zy/dobot_ws/install/dobot_rviz:/opt/ros/humble /usr/bin/cmake /home/zy/dobot_ws/src/DOBOT_6Axis_ROS2_V3/nova5_moveit -DCMAKE_INSTALL_PREFIX=/home/zy/dobot_ws/install/nova5_moveit
[4.207s] Invoking command in '/home/zy/dobot_ws/build/nova5_moveit': AMENT_PREFIX_PATH=/home/zy/dobot_ws/install/dobot_rviz:${AMENT_PREFIX_PATH} CMAKE_PREFIX_PATH=/home/zy/dobot_ws/install/dobot_rviz:/opt/ros/humble /usr/bin/cmake --build /home/zy/dobot_ws/build/nova5_moveit -- -j32 -l32
[4.451s] Invoked command in '/home/zy/dobot_ws/build/nova5_moveit' returned '0': AMENT_PREFIX_PATH=/home/zy/dobot_ws/install/dobot_rviz:${AMENT_PREFIX_PATH} CMAKE_PREFIX_PATH=/home/zy/dobot_ws/install/dobot_rviz:/opt/ros/humble /usr/bin/cmake --build /home/zy/dobot_ws/build/nova5_moveit -- -j32 -l32
[4.463s] Invoking command in '/home/zy/dobot_ws/build/nova5_moveit': AMENT_PREFIX_PATH=/home/zy/dobot_ws/install/dobot_rviz:${AMENT_PREFIX_PATH} CMAKE_PREFIX_PATH=/home/zy/dobot_ws/install/dobot_rviz:/opt/ros/humble /usr/bin/cmake --install /home/zy/dobot_ws/build/nova5_moveit
[4.528s] -- Install configuration: ""
[4.529s] -- Installing: /home/zy/dobot_ws/install/nova5_moveit/share/ament_index/resource_index/package_run_dependencies/nova5_moveit
[4.529s] -- Installing: /home/zy/dobot_ws/install/nova5_moveit/share/ament_index/resource_index/parent_prefix_path/nova5_moveit
[4.530s] -- Installing: /home/zy/dobot_ws/install/nova5_moveit/share/nova5_moveit/environment/ament_prefix_path.sh
[4.534s] -- Installing: /home/zy/dobot_ws/install/nova5_moveit/share/nova5_moveit/environment/ament_prefix_path.dsv
[4.538s] -- Installing: /home/zy/dobot_ws/install/nova5_moveit/share/nova5_moveit/environment/path.sh
[4.539s] -- Installing: /home/zy/dobot_ws/install/nova5_moveit/share/nova5_moveit/environment/path.dsv
[4.542s] -- Installing: /home/zy/dobot_ws/install/nova5_moveit/share/nova5_moveit/local_setup.bash
[4.545s] -- Installing: /home/zy/dobot_ws/install/nova5_moveit/share/nova5_moveit/local_setup.sh
[4.547s] -- Installing: /home/zy/dobot_ws/install/nova5_moveit/share/nova5_moveit/local_setup.zsh
[4.548s] -- Installing: /home/zy/dobot_ws/install/nova5_moveit/share/nova5_moveit/local_setup.dsv
[4.550s] -- Installing: /home/zy/dobot_ws/install/nova5_moveit/share/nova5_moveit/package.dsv
[4.559s] -- Installing: /home/zy/dobot_ws/install/nova5_moveit/share/ament_index/resource_index/packages/nova5_moveit
[4.561s] -- Installing: /home/zy/dobot_ws/install/nova5_moveit/share/nova5_moveit/cmake/nova5_moveitConfig.cmake
[4.574s] -- Installing: /home/zy/dobot_ws/install/nova5_moveit/share/nova5_moveit/cmake/nova5_moveitConfig-version.cmake
[4.578s] -- Installing: /home/zy/dobot_ws/install/nova5_moveit/share/nova5_moveit/package.xml
[4.582s] -- Installing: /home/zy/dobot_ws/install/nova5_moveit/share/nova5_moveit/launch
[4.583s] -- Installing: /home/zy/dobot_ws/install/nova5_moveit/share/nova5_moveit/launch/move_group.launch.py
[4.589s] -- Installing: /home/zy/dobot_ws/install/nova5_moveit/share/nova5_moveit/launch/warehouse_db.launch.py
[4.591s] -- Installing: /home/zy/dobot_ws/install/nova5_moveit/share/nova5_moveit/launch/spawn_controllers.launch.py
[4.592s] -- Installing: /home/zy/dobot_ws/install/nova5_moveit/share/nova5_moveit/launch/static_virtual_joint_tfs.launch.py
[4.593s] -- Installing: /home/zy/dobot_ws/install/nova5_moveit/share/nova5_moveit/launch/demo.launch.py
[4.595s] -- Installing: /home/zy/dobot_ws/install/nova5_moveit/share/nova5_moveit/launch/rsp.launch.py
[4.598s] -- Installing: /home/zy/dobot_ws/install/nova5_moveit/share/nova5_moveit/launch/setup_assistant.launch.py
[4.599s] -- Installing: /home/zy/dobot_ws/install/nova5_moveit/share/nova5_moveit/launch/moveit_rviz.launch.py
[4.599s] -- Installing: /home/zy/dobot_ws/install/nova5_moveit/share/nova5_moveit/launch/moveit_gazebo.launch.py
[4.600s] -- Installing: /home/zy/dobot_ws/install/nova5_moveit/share/nova5_moveit/launch/dobot_moveit.launch.py
[4.600s] -- Installing: /home/zy/dobot_ws/install/nova5_moveit/share/nova5_moveit/config
[4.600s] -- Installing: /home/zy/dobot_ws/install/nova5_moveit/share/nova5_moveit/config/ros2_controllers.yaml
[4.601s] -- Installing: /home/zy/dobot_ws/install/nova5_moveit/share/nova5_moveit/config/initial_positions.yaml
[4.601s] -- Installing: /home/zy/dobot_ws/install/nova5_moveit/share/nova5_moveit/config/joint_limits.yaml
[4.601s] -- Installing: /home/zy/dobot_ws/install/nova5_moveit/share/nova5_moveit/config/nova5_robot.urdf.xacro
[4.602s] -- Installing: /home/zy/dobot_ws/install/nova5_moveit/share/nova5_moveit/config/moveit.rviz
[4.602s] -- Installing: /home/zy/dobot_ws/install/nova5_moveit/share/nova5_moveit/config/pilz_cartesian_limits.yaml
[4.602s] -- Installing: /home/zy/dobot_ws/install/nova5_moveit/share/nova5_moveit/config/kinematics.yaml
[4.603s] -- Installing: /home/zy/dobot_ws/install/nova5_moveit/share/nova5_moveit/config/nova5_robot.srdf
[4.604s] -- Installing: /home/zy/dobot_ws/install/nova5_moveit/share/nova5_moveit/config/nova5_robot.ros2_control.xacro
[4.605s] -- Installing: /home/zy/dobot_ws/install/nova5_moveit/share/nova5_moveit/config/moveit_controllers.yaml
[4.607s] -- Installing: /home/zy/dobot_ws/install/nova5_moveit/share/nova5_moveit/.setup_assistant
[4.707s] Invoked command in '/home/zy/dobot_ws/build/nova5_moveit' returned '0': AMENT_PREFIX_PATH=/home/zy/dobot_ws/install/dobot_rviz:${AMENT_PREFIX_PATH} CMAKE_PREFIX_PATH=/home/zy/dobot_ws/install/dobot_rviz:/opt/ros/humble /usr/bin/cmake --install /home/zy/dobot_ws/build/nova5_moveit
