[0.099s] Invoking command in '/home/zy/dobot_ws/build/dobot_gazebo': CMAKE_PREFIX_PATH=/home/zy/dobot_ws/install/cra_description:/home/zy/dobot_ws/install/obstacle_avoidance:/home/zy/dobot_ws/install/nova5_moveit:/home/zy/dobot_ws/install/nova2_moveit:/home/zy/dobot_ws/install/cr7_moveit:/home/zy/dobot_ws/install/cr5_moveit:/home/zy/dobot_ws/install/cr3_moveit:/home/zy/dobot_ws/install/cr16_moveit:/home/zy/dobot_ws/install/cr12_moveit:/home/zy/dobot_ws/install/cr10_moveit:/home/zy/dobot_ws/install/dobot_rviz:/home/zy/dobot_ws/install/dobot_msgs_v3:/home/zy/dobot_ws/install/dobot_gazebo:/home/zy/dobot_ws/install/servo_action:/home/zy/dobot_ws/install/dobot_bringup_v3:/home/zy/dobot_ws/install/dobot_moveit:/home/zy/dobot_ws/install/dobot_demo:/opt/ros/humble /usr/bin/cmake --build /home/zy/dobot_ws/build/dobot_gazebo -- -j32 -l32
[0.154s] Invoked command in '/home/zy/dobot_ws/build/dobot_gazebo' returned '0': CMAKE_PREFIX_PATH=/home/zy/dobot_ws/install/cra_description:/home/zy/dobot_ws/install/obstacle_avoidance:/home/zy/dobot_ws/install/nova5_moveit:/home/zy/dobot_ws/install/nova2_moveit:/home/zy/dobot_ws/install/cr7_moveit:/home/zy/dobot_ws/install/cr5_moveit:/home/zy/dobot_ws/install/cr3_moveit:/home/zy/dobot_ws/install/cr16_moveit:/home/zy/dobot_ws/install/cr12_moveit:/home/zy/dobot_ws/install/cr10_moveit:/home/zy/dobot_ws/install/dobot_rviz:/home/zy/dobot_ws/install/dobot_msgs_v3:/home/zy/dobot_ws/install/dobot_gazebo:/home/zy/dobot_ws/install/servo_action:/home/zy/dobot_ws/install/dobot_bringup_v3:/home/zy/dobot_ws/install/dobot_moveit:/home/zy/dobot_ws/install/dobot_demo:/opt/ros/humble /usr/bin/cmake --build /home/zy/dobot_ws/build/dobot_gazebo -- -j32 -l32
[0.157s] Invoking command in '/home/zy/dobot_ws/build/dobot_gazebo': CMAKE_PREFIX_PATH=/home/zy/dobot_ws/install/cra_description:/home/zy/dobot_ws/install/obstacle_avoidance:/home/zy/dobot_ws/install/nova5_moveit:/home/zy/dobot_ws/install/nova2_moveit:/home/zy/dobot_ws/install/cr7_moveit:/home/zy/dobot_ws/install/cr5_moveit:/home/zy/dobot_ws/install/cr3_moveit:/home/zy/dobot_ws/install/cr16_moveit:/home/zy/dobot_ws/install/cr12_moveit:/home/zy/dobot_ws/install/cr10_moveit:/home/zy/dobot_ws/install/dobot_rviz:/home/zy/dobot_ws/install/dobot_msgs_v3:/home/zy/dobot_ws/install/dobot_gazebo:/home/zy/dobot_ws/install/servo_action:/home/zy/dobot_ws/install/dobot_bringup_v3:/home/zy/dobot_ws/install/dobot_moveit:/home/zy/dobot_ws/install/dobot_demo:/opt/ros/humble /usr/bin/cmake --install /home/zy/dobot_ws/build/dobot_gazebo
[0.165s] -- Install configuration: ""
[0.165s] -- Up-to-date: /home/zy/dobot_ws/install/dobot_gazebo/share/dobot_gazebo/launch
[0.165s] -- Up-to-date: /home/zy/dobot_ws/install/dobot_gazebo/share/dobot_gazebo/launch/gazebo_moveit.launch.py
[0.165s] -- Up-to-date: /home/zy/dobot_ws/install/dobot_gazebo/share/dobot_gazebo/launch/dobot_gazebo.launch.py
[0.165s] -- Up-to-date: /home/zy/dobot_ws/install/dobot_gazebo/share/dobot_gazebo/worlds
[0.166s] -- Up-to-date: /home/zy/dobot_ws/install/dobot_gazebo/share/dobot_gazebo/worlds/ur10.world
[0.166s] -- Up-to-date: /home/zy/dobot_ws/install/dobot_gazebo/share/dobot_gazebo/config
[0.166s] -- Up-to-date: /home/zy/dobot_ws/install/dobot_gazebo/share/dobot_gazebo/config/moveitcpp.rviz
[0.166s] -- Up-to-date: /home/zy/dobot_ws/install/dobot_gazebo/share/ament_index/resource_index/package_run_dependencies/dobot_gazebo
[0.166s] -- Up-to-date: /home/zy/dobot_ws/install/dobot_gazebo/share/ament_index/resource_index/parent_prefix_path/dobot_gazebo
[0.166s] -- Up-to-date: /home/zy/dobot_ws/install/dobot_gazebo/share/dobot_gazebo/environment/ament_prefix_path.sh
[0.166s] -- Up-to-date: /home/zy/dobot_ws/install/dobot_gazebo/share/dobot_gazebo/environment/ament_prefix_path.dsv
[0.166s] -- Up-to-date: /home/zy/dobot_ws/install/dobot_gazebo/share/dobot_gazebo/environment/path.sh
[0.167s] -- Up-to-date: /home/zy/dobot_ws/install/dobot_gazebo/share/dobot_gazebo/environment/path.dsv
[0.167s] -- Up-to-date: /home/zy/dobot_ws/install/dobot_gazebo/share/dobot_gazebo/local_setup.bash
[0.167s] -- Up-to-date: /home/zy/dobot_ws/install/dobot_gazebo/share/dobot_gazebo/local_setup.sh
[0.167s] -- Up-to-date: /home/zy/dobot_ws/install/dobot_gazebo/share/dobot_gazebo/local_setup.zsh
[0.167s] -- Up-to-date: /home/zy/dobot_ws/install/dobot_gazebo/share/dobot_gazebo/local_setup.dsv
[0.167s] -- Installing: /home/zy/dobot_ws/install/dobot_gazebo/share/dobot_gazebo/package.dsv
[0.167s] -- Up-to-date: /home/zy/dobot_ws/install/dobot_gazebo/share/ament_index/resource_index/packages/dobot_gazebo
[0.167s] -- Up-to-date: /home/zy/dobot_ws/install/dobot_gazebo/share/dobot_gazebo/cmake/dobot_gazeboConfig.cmake
[0.167s] -- Up-to-date: /home/zy/dobot_ws/install/dobot_gazebo/share/dobot_gazebo/cmake/dobot_gazeboConfig-version.cmake
[0.167s] -- Up-to-date: /home/zy/dobot_ws/install/dobot_gazebo/share/dobot_gazebo/package.xml
[0.380s] Invoked command in '/home/zy/dobot_ws/build/dobot_gazebo' returned '0': CMAKE_PREFIX_PATH=/home/zy/dobot_ws/install/cra_description:/home/zy/dobot_ws/install/obstacle_avoidance:/home/zy/dobot_ws/install/nova5_moveit:/home/zy/dobot_ws/install/nova2_moveit:/home/zy/dobot_ws/install/cr7_moveit:/home/zy/dobot_ws/install/cr5_moveit:/home/zy/dobot_ws/install/cr3_moveit:/home/zy/dobot_ws/install/cr16_moveit:/home/zy/dobot_ws/install/cr12_moveit:/home/zy/dobot_ws/install/cr10_moveit:/home/zy/dobot_ws/install/dobot_rviz:/home/zy/dobot_ws/install/dobot_msgs_v3:/home/zy/dobot_ws/install/dobot_gazebo:/home/zy/dobot_ws/install/servo_action:/home/zy/dobot_ws/install/dobot_bringup_v3:/home/zy/dobot_ws/install/dobot_moveit:/home/zy/dobot_ws/install/dobot_demo:/opt/ros/humble /usr/bin/cmake --install /home/zy/dobot_ws/build/dobot_gazebo
