running egg_info
writing ../../../build/dobot_moveit/dobot_moveit.egg-info/PKG-INFO
writing dependency_links to ../../../build/dobot_moveit/dobot_moveit.egg-info/dependency_links.txt
writing entry points to ../../../build/dobot_moveit/dobot_moveit.egg-info/entry_points.txt
writing requirements to ../../../build/dobot_moveit/dobot_moveit.egg-info/requires.txt
writing top-level names to ../../../build/dobot_moveit/dobot_moveit.egg-info/top_level.txt
reading manifest file '../../../build/dobot_moveit/dobot_moveit.egg-info/SOURCES.txt'
writing manifest file '../../../build/dobot_moveit/dobot_moveit.egg-info/SOURCES.txt'
running build
running build_py
copying dobot_moveit/action_move_server.py -> /home/zy/dobot_ws/build/dobot_moveit/build/lib/dobot_moveit
running install
running install_lib
copying /home/zy/dobot_ws/build/dobot_moveit/build/lib/dobot_moveit/action_move_server.py -> /home/zy/dobot_ws/install/dobot_moveit/lib/python3.10/site-packages/dobot_moveit
byte-compiling /home/zy/dobot_ws/install/dobot_moveit/lib/python3.10/site-packages/dobot_moveit/action_move_server.py to action_move_server.cpython-310.pyc
running install_data
running install_egg_info
removing '/home/zy/dobot_ws/install/dobot_moveit/lib/python3.10/site-packages/dobot_moveit-0.0.0-py3.10.egg-info' (and everything under it)
Copying ../../../build/dobot_moveit/dobot_moveit.egg-info to /home/zy/dobot_ws/install/dobot_moveit/lib/python3.10/site-packages/dobot_moveit-0.0.0-py3.10.egg-info
running install_scripts
Installing action_move_server script to /home/zy/dobot_ws/install/dobot_moveit/lib/dobot_moveit
Installing joint_states script to /home/zy/dobot_ws/install/dobot_moveit/lib/dobot_moveit
writing list of installed files to '/home/zy/dobot_ws/build/dobot_moveit/install.log'
