[0.180s] Invoking command in '/home/zy/dobot_ws/build/cr5_moveit': AMENT_PREFIX_PATH=/home/zy/dobot_ws/install/dobot_rviz:${AMENT_PREFIX_PATH} CMAKE_PREFIX_PATH=/home/zy/dobot_ws/install/dobot_rviz:/opt/ros/humble /usr/bin/cmake /home/zy/dobot_ws/src/DOBOT_6Axis_ROS2_V3/cr5_moveit -DCMAKE_INSTALL_PREFIX=/home/zy/dobot_ws/install/cr5_moveit
[0.524s] -- The C compiler identification is GNU 11.4.0
[0.922s] -- The CXX compiler identification is GNU 11.4.0
[0.977s] -- Detecting C compiler ABI info
[1.497s] -- Detecting C compiler ABI info - done
[1.539s] -- Check for working C compiler: /usr/bin/cc - skipped
[1.541s] -- Detecting C compile features
[1.545s] -- Detecting C compile features - done
[1.570s] -- Detecting CXX compiler ABI info
[2.083s] -- Detecting CXX compiler ABI info - done
[2.137s] -- Check for working CXX compiler: /usr/bin/c++ - skipped
[2.139s] -- Detecting CXX compile features
[2.142s] -- Detecting CXX compile features - done
[2.157s] -- Found ament_cmake: 1.3.12 (/opt/ros/humble/share/ament_cmake/cmake)
[3.297s] -- Found Python3: /usr/bin/python3 (found version "3.10.12") found components: Interpreter 
[4.409s] -- Configuring done
[4.412s] -- Generating done
[4.425s] -- Build files have been written to: /home/zy/dobot_ws/build/cr5_moveit
[4.463s] Invoked command in '/home/zy/dobot_ws/build/cr5_moveit' returned '0': AMENT_PREFIX_PATH=/home/zy/dobot_ws/install/dobot_rviz:${AMENT_PREFIX_PATH} CMAKE_PREFIX_PATH=/home/zy/dobot_ws/install/dobot_rviz:/opt/ros/humble /usr/bin/cmake /home/zy/dobot_ws/src/DOBOT_6Axis_ROS2_V3/cr5_moveit -DCMAKE_INSTALL_PREFIX=/home/zy/dobot_ws/install/cr5_moveit
[4.476s] Invoking command in '/home/zy/dobot_ws/build/cr5_moveit': AMENT_PREFIX_PATH=/home/zy/dobot_ws/install/dobot_rviz:${AMENT_PREFIX_PATH} CMAKE_PREFIX_PATH=/home/zy/dobot_ws/install/dobot_rviz:/opt/ros/humble /usr/bin/cmake --build /home/zy/dobot_ws/build/cr5_moveit -- -j32 -l32
[5.187s] Invoked command in '/home/zy/dobot_ws/build/cr5_moveit' returned '0': AMENT_PREFIX_PATH=/home/zy/dobot_ws/install/dobot_rviz:${AMENT_PREFIX_PATH} CMAKE_PREFIX_PATH=/home/zy/dobot_ws/install/dobot_rviz:/opt/ros/humble /usr/bin/cmake --build /home/zy/dobot_ws/build/cr5_moveit -- -j32 -l32
[5.266s] Invoking command in '/home/zy/dobot_ws/build/cr5_moveit': AMENT_PREFIX_PATH=/home/zy/dobot_ws/install/dobot_rviz:${AMENT_PREFIX_PATH} CMAKE_PREFIX_PATH=/home/zy/dobot_ws/install/dobot_rviz:/opt/ros/humble /usr/bin/cmake --install /home/zy/dobot_ws/build/cr5_moveit
[5.272s] -- Install configuration: ""
[5.272s] -- Installing: /home/zy/dobot_ws/install/cr5_moveit/share/ament_index/resource_index/package_run_dependencies/cr5_moveit
[5.273s] -- Installing: /home/zy/dobot_ws/install/cr5_moveit/share/ament_index/resource_index/parent_prefix_path/cr5_moveit
[5.273s] -- Installing: /home/zy/dobot_ws/install/cr5_moveit/share/cr5_moveit/environment/ament_prefix_path.sh
[5.274s] -- Installing: /home/zy/dobot_ws/install/cr5_moveit/share/cr5_moveit/environment/ament_prefix_path.dsv
[5.274s] -- Installing: /home/zy/dobot_ws/install/cr5_moveit/share/cr5_moveit/environment/path.sh
[5.274s] -- Installing: /home/zy/dobot_ws/install/cr5_moveit/share/cr5_moveit/environment/path.dsv
[5.275s] -- Installing: /home/zy/dobot_ws/install/cr5_moveit/share/cr5_moveit/local_setup.bash
[5.275s] -- Installing: /home/zy/dobot_ws/install/cr5_moveit/share/cr5_moveit/local_setup.sh
[5.275s] -- Installing: /home/zy/dobot_ws/install/cr5_moveit/share/cr5_moveit/local_setup.zsh
[5.276s] -- Installing: /home/zy/dobot_ws/install/cr5_moveit/share/cr5_moveit/local_setup.dsv
[5.276s] -- Installing: /home/zy/dobot_ws/install/cr5_moveit/share/cr5_moveit/package.dsv
[5.276s] -- Installing: /home/zy/dobot_ws/install/cr5_moveit/share/ament_index/resource_index/packages/cr5_moveit
[5.276s] -- Installing: /home/zy/dobot_ws/install/cr5_moveit/share/cr5_moveit/cmake/cr5_moveitConfig.cmake
[5.277s] -- Installing: /home/zy/dobot_ws/install/cr5_moveit/share/cr5_moveit/cmake/cr5_moveitConfig-version.cmake
[5.277s] -- Installing: /home/zy/dobot_ws/install/cr5_moveit/share/cr5_moveit/package.xml
[5.277s] -- Installing: /home/zy/dobot_ws/install/cr5_moveit/share/cr5_moveit/launch
[5.278s] -- Installing: /home/zy/dobot_ws/install/cr5_moveit/share/cr5_moveit/launch/move_group.launch.py
[5.278s] -- Installing: /home/zy/dobot_ws/install/cr5_moveit/share/cr5_moveit/launch/warehouse_db.launch.py
[5.279s] -- Installing: /home/zy/dobot_ws/install/cr5_moveit/share/cr5_moveit/launch/spawn_controllers.launch.py
[5.279s] -- Installing: /home/zy/dobot_ws/install/cr5_moveit/share/cr5_moveit/launch/static_virtual_joint_tfs.launch.py
[5.280s] -- Installing: /home/zy/dobot_ws/install/cr5_moveit/share/cr5_moveit/launch/demo.launch.py
[5.280s] -- Installing: /home/zy/dobot_ws/install/cr5_moveit/share/cr5_moveit/launch/rsp.launch.py
[5.280s] -- Installing: /home/zy/dobot_ws/install/cr5_moveit/share/cr5_moveit/launch/setup_assistant.launch.py
[5.280s] -- Installing: /home/zy/dobot_ws/install/cr5_moveit/share/cr5_moveit/launch/moveit_rviz.launch.py
[5.281s] -- Installing: /home/zy/dobot_ws/install/cr5_moveit/share/cr5_moveit/launch/moveit_gazebo.launch.py
[5.281s] -- Installing: /home/zy/dobot_ws/install/cr5_moveit/share/cr5_moveit/launch/dobot_moveit.launch.py
[5.281s] -- Installing: /home/zy/dobot_ws/install/cr5_moveit/share/cr5_moveit/config
[5.282s] -- Installing: /home/zy/dobot_ws/install/cr5_moveit/share/cr5_moveit/config/ros2_controllers.yaml
[5.282s] -- Installing: /home/zy/dobot_ws/install/cr5_moveit/share/cr5_moveit/config/initial_positions.yaml
[5.282s] -- Installing: /home/zy/dobot_ws/install/cr5_moveit/share/cr5_moveit/config/joint_limits.yaml
[5.282s] -- Installing: /home/zy/dobot_ws/install/cr5_moveit/share/cr5_moveit/config/cr5_robot.srdf
[5.283s] -- Installing: /home/zy/dobot_ws/install/cr5_moveit/share/cr5_moveit/config/moveit.rviz
[5.283s] -- Installing: /home/zy/dobot_ws/install/cr5_moveit/share/cr5_moveit/config/pilz_cartesian_limits.yaml
[5.283s] -- Installing: /home/zy/dobot_ws/install/cr5_moveit/share/cr5_moveit/config/kinematics.yaml
[5.284s] -- Installing: /home/zy/dobot_ws/install/cr5_moveit/share/cr5_moveit/config/cr5_robot.ros2_control.xacro
[5.285s] -- Installing: /home/zy/dobot_ws/install/cr5_moveit/share/cr5_moveit/config/moveit_controllers.yaml
[5.286s] -- Installing: /home/zy/dobot_ws/install/cr5_moveit/share/cr5_moveit/config/cr5_robot.urdf.xacro
[5.286s] -- Installing: /home/zy/dobot_ws/install/cr5_moveit/share/cr5_moveit/.setup_assistant
[5.534s] Invoked command in '/home/zy/dobot_ws/build/cr5_moveit' returned '0': AMENT_PREFIX_PATH=/home/zy/dobot_ws/install/dobot_rviz:${AMENT_PREFIX_PATH} CMAKE_PREFIX_PATH=/home/zy/dobot_ws/install/dobot_rviz:/opt/ros/humble /usr/bin/cmake --install /home/zy/dobot_ws/build/cr5_moveit
