[0.177s] Invoking command in '/home/zy/dobot_ws/build/cr3_moveit': AMENT_PREFIX_PATH=/home/zy/dobot_ws/install/dobot_rviz:${AMENT_PREFIX_PATH} CMAKE_PREFIX_PATH=/home/zy/dobot_ws/install/dobot_rviz:/opt/ros/humble /usr/bin/cmake /home/zy/dobot_ws/src/DOBOT_6Axis_ROS2_V3/cr3_moveit -DCMAKE_INSTALL_PREFIX=/home/zy/dobot_ws/install/cr3_moveit
[0.479s] -- The C compiler identification is GNU 11.4.0
[0.840s] -- The CXX compiler identification is GNU 11.4.0
[0.895s] -- Detecting C compiler ABI info
[1.343s] -- Detecting C compiler ABI info - done
[1.394s] -- Check for working C compiler: /usr/bin/cc - skipped
[1.395s] -- Detecting C compile features
[1.398s] -- Detecting C compile features - done
[1.419s] -- Detecting CXX compiler ABI info
[1.896s] -- Detecting CXX compiler ABI info - done
[1.965s] -- Check for working CXX compiler: /usr/bin/c++ - skipped
[1.968s] -- Detecting CXX compile features
[1.972s] -- Detecting CXX compile features - done
[1.992s] -- Found ament_cmake: 1.3.12 (/opt/ros/humble/share/ament_cmake/cmake)
[3.223s] -- Found Python3: /usr/bin/python3 (found version "3.10.12") found components: Interpreter 
[4.216s] -- Configuring done
[4.248s] -- Generating done
[4.257s] -- Build files have been written to: /home/zy/dobot_ws/build/cr3_moveit
[4.291s] Invoked command in '/home/zy/dobot_ws/build/cr3_moveit' returned '0': AMENT_PREFIX_PATH=/home/zy/dobot_ws/install/dobot_rviz:${AMENT_PREFIX_PATH} CMAKE_PREFIX_PATH=/home/zy/dobot_ws/install/dobot_rviz:/opt/ros/humble /usr/bin/cmake /home/zy/dobot_ws/src/DOBOT_6Axis_ROS2_V3/cr3_moveit -DCMAKE_INSTALL_PREFIX=/home/zy/dobot_ws/install/cr3_moveit
[4.308s] Invoking command in '/home/zy/dobot_ws/build/cr3_moveit': AMENT_PREFIX_PATH=/home/zy/dobot_ws/install/dobot_rviz:${AMENT_PREFIX_PATH} CMAKE_PREFIX_PATH=/home/zy/dobot_ws/install/dobot_rviz:/opt/ros/humble /usr/bin/cmake --build /home/zy/dobot_ws/build/cr3_moveit -- -j32 -l32
[4.548s] Invoked command in '/home/zy/dobot_ws/build/cr3_moveit' returned '0': AMENT_PREFIX_PATH=/home/zy/dobot_ws/install/dobot_rviz:${AMENT_PREFIX_PATH} CMAKE_PREFIX_PATH=/home/zy/dobot_ws/install/dobot_rviz:/opt/ros/humble /usr/bin/cmake --build /home/zy/dobot_ws/build/cr3_moveit -- -j32 -l32
[4.565s] Invoking command in '/home/zy/dobot_ws/build/cr3_moveit': AMENT_PREFIX_PATH=/home/zy/dobot_ws/install/dobot_rviz:${AMENT_PREFIX_PATH} CMAKE_PREFIX_PATH=/home/zy/dobot_ws/install/dobot_rviz:/opt/ros/humble /usr/bin/cmake --install /home/zy/dobot_ws/build/cr3_moveit
[4.702s] -- Install configuration: ""
[4.705s] -- Installing: /home/zy/dobot_ws/install/cr3_moveit/share/ament_index/resource_index/package_run_dependencies/cr3_moveit
[4.706s] -- Installing: /home/zy/dobot_ws/install/cr3_moveit/share/ament_index/resource_index/parent_prefix_path/cr3_moveit
[4.707s] -- Installing: /home/zy/dobot_ws/install/cr3_moveit/share/cr3_moveit/environment/ament_prefix_path.sh
[4.708s] -- Installing: /home/zy/dobot_ws/install/cr3_moveit/share/cr3_moveit/environment/ament_prefix_path.dsv
[4.718s] -- Installing: /home/zy/dobot_ws/install/cr3_moveit/share/cr3_moveit/environment/path.sh
[4.719s] -- Installing: /home/zy/dobot_ws/install/cr3_moveit/share/cr3_moveit/environment/path.dsv
[4.720s] -- Installing: /home/zy/dobot_ws/install/cr3_moveit/share/cr3_moveit/local_setup.bash
[4.720s] -- Installing: /home/zy/dobot_ws/install/cr3_moveit/share/cr3_moveit/local_setup.sh
[4.740s] -- Installing: /home/zy/dobot_ws/install/cr3_moveit/share/cr3_moveit/local_setup.zsh
[4.741s] -- Installing: /home/zy/dobot_ws/install/cr3_moveit/share/cr3_moveit/local_setup.dsv
[4.741s] -- Installing: /home/zy/dobot_ws/install/cr3_moveit/share/cr3_moveit/package.dsv
[4.742s] -- Installing: /home/zy/dobot_ws/install/cr3_moveit/share/ament_index/resource_index/packages/cr3_moveit
[4.742s] -- Installing: /home/zy/dobot_ws/install/cr3_moveit/share/cr3_moveit/cmake/cr3_moveitConfig.cmake
[4.742s] -- Installing: /home/zy/dobot_ws/install/cr3_moveit/share/cr3_moveit/cmake/cr3_moveitConfig-version.cmake
[4.743s] -- Installing: /home/zy/dobot_ws/install/cr3_moveit/share/cr3_moveit/package.xml
[4.743s] -- Installing: /home/zy/dobot_ws/install/cr3_moveit/share/cr3_moveit/launch
[4.744s] -- Installing: /home/zy/dobot_ws/install/cr3_moveit/share/cr3_moveit/launch/move_group.launch.py
[4.745s] -- Installing: /home/zy/dobot_ws/install/cr3_moveit/share/cr3_moveit/launch/warehouse_db.launch.py
[4.745s] -- Installing: /home/zy/dobot_ws/install/cr3_moveit/share/cr3_moveit/launch/spawn_controllers.launch.py
[4.745s] -- Installing: /home/zy/dobot_ws/install/cr3_moveit/share/cr3_moveit/launch/static_virtual_joint_tfs.launch.py
[4.746s] -- Installing: /home/zy/dobot_ws/install/cr3_moveit/share/cr3_moveit/launch/demo.launch.py
[4.746s] -- Installing: /home/zy/dobot_ws/install/cr3_moveit/share/cr3_moveit/launch/rsp.launch.py
[4.746s] -- Installing: /home/zy/dobot_ws/install/cr3_moveit/share/cr3_moveit/launch/setup_assistant.launch.py
[4.747s] -- Installing: /home/zy/dobot_ws/install/cr3_moveit/share/cr3_moveit/launch/moveit_rviz.launch.py
[4.747s] -- Installing: /home/zy/dobot_ws/install/cr3_moveit/share/cr3_moveit/launch/moveit_gazebo.launch.py
[4.747s] -- Installing: /home/zy/dobot_ws/install/cr3_moveit/share/cr3_moveit/launch/dobot_moveit.launch.py
[4.748s] -- Installing: /home/zy/dobot_ws/install/cr3_moveit/share/cr3_moveit/config
[4.748s] -- Installing: /home/zy/dobot_ws/install/cr3_moveit/share/cr3_moveit/config/ros2_controllers.yaml
[4.748s] -- Installing: /home/zy/dobot_ws/install/cr3_moveit/share/cr3_moveit/config/initial_positions.yaml
[4.749s] -- Installing: /home/zy/dobot_ws/install/cr3_moveit/share/cr3_moveit/config/joint_limits.yaml
[4.749s] -- Installing: /home/zy/dobot_ws/install/cr3_moveit/share/cr3_moveit/config/cr3_robot.ros2_control.xacro
[4.749s] -- Installing: /home/zy/dobot_ws/install/cr3_moveit/share/cr3_moveit/config/moveit.rviz
[4.749s] -- Installing: /home/zy/dobot_ws/install/cr3_moveit/share/cr3_moveit/config/pilz_cartesian_limits.yaml
[4.750s] -- Installing: /home/zy/dobot_ws/install/cr3_moveit/share/cr3_moveit/config/kinematics.yaml
[4.751s] -- Installing: /home/zy/dobot_ws/install/cr3_moveit/share/cr3_moveit/config/cr3_robot.srdf
[4.751s] -- Installing: /home/zy/dobot_ws/install/cr3_moveit/share/cr3_moveit/config/moveit_controllers.yaml
[4.751s] -- Installing: /home/zy/dobot_ws/install/cr3_moveit/share/cr3_moveit/config/cr3_robot.urdf.xacro
[4.752s] -- Installing: /home/zy/dobot_ws/install/cr3_moveit/share/cr3_moveit/.setup_assistant
[5.002s] Invoked command in '/home/zy/dobot_ws/build/cr3_moveit' returned '0': AMENT_PREFIX_PATH=/home/zy/dobot_ws/install/dobot_rviz:${AMENT_PREFIX_PATH} CMAKE_PREFIX_PATH=/home/zy/dobot_ws/install/dobot_rviz:/opt/ros/humble /usr/bin/cmake --install /home/zy/dobot_ws/build/cr3_moveit
