running egg_info
creating ../../../build/servo_action/servo_action.egg-info
writing ../../../build/servo_action/servo_action.egg-info/PKG-INFO
writing dependency_links to ../../../build/servo_action/servo_action.egg-info/dependency_links.txt
writing entry points to ../../../build/servo_action/servo_action.egg-info/entry_points.txt
writing requirements to ../../../build/servo_action/servo_action.egg-info/requires.txt
writing top-level names to ../../../build/servo_action/servo_action.egg-info/top_level.txt
writing manifest file '../../../build/servo_action/servo_action.egg-info/SOURCES.txt'
reading manifest file '../../../build/servo_action/servo_action.egg-info/SOURCES.txt'
writing manifest file '../../../build/servo_action/servo_action.egg-info/SOURCES.txt'
running build
running build_py
creating /home/zy/dobot_ws/build/servo_action/build
creating /home/zy/dobot_ws/build/servo_action/build/lib
creating /home/zy/dobot_ws/build/servo_action/build/lib/servo_action
copying servo_action/Joint_Position.py -> /home/zy/dobot_ws/build/servo_action/build/lib/servo_action
copying servo_action/__init__.py -> /home/zy/dobot_ws/build/servo_action/build/lib/servo_action
copying servo_action/action_move_client.py -> /home/zy/dobot_ws/build/servo_action/build/lib/servo_action
running install
running install_lib
creating /home/zy/dobot_ws/install/servo_action/lib/python3.10/site-packages/servo_action
copying /home/zy/dobot_ws/build/servo_action/build/lib/servo_action/Joint_Position.py -> /home/zy/dobot_ws/install/servo_action/lib/python3.10/site-packages/servo_action
copying /home/zy/dobot_ws/build/servo_action/build/lib/servo_action/__init__.py -> /home/zy/dobot_ws/install/servo_action/lib/python3.10/site-packages/servo_action
copying /home/zy/dobot_ws/build/servo_action/build/lib/servo_action/action_move_client.py -> /home/zy/dobot_ws/install/servo_action/lib/python3.10/site-packages/servo_action
byte-compiling /home/zy/dobot_ws/install/servo_action/lib/python3.10/site-packages/servo_action/Joint_Position.py to Joint_Position.cpython-310.pyc
byte-compiling /home/zy/dobot_ws/install/servo_action/lib/python3.10/site-packages/servo_action/__init__.py to __init__.cpython-310.pyc
byte-compiling /home/zy/dobot_ws/install/servo_action/lib/python3.10/site-packages/servo_action/action_move_client.py to action_move_client.cpython-310.pyc
running install_data
creating /home/zy/dobot_ws/install/servo_action/share/ament_index
creating /home/zy/dobot_ws/install/servo_action/share/ament_index/resource_index
creating /home/zy/dobot_ws/install/servo_action/share/ament_index/resource_index/packages
copying resource/servo_action -> /home/zy/dobot_ws/install/servo_action/share/ament_index/resource_index/packages
copying package.xml -> /home/zy/dobot_ws/install/servo_action/share/servo_action
running install_egg_info
Copying ../../../build/servo_action/servo_action.egg-info to /home/zy/dobot_ws/install/servo_action/lib/python3.10/site-packages/servo_action-0.0.0-py3.10.egg-info
running install_scripts
Installing Joint_Position script to /home/zy/dobot_ws/install/servo_action/lib/servo_action
Installing action_move_client script to /home/zy/dobot_ws/install/servo_action/lib/servo_action
writing list of installed files to '/home/zy/dobot_ws/build/servo_action/install.log'
