running egg_info
writing ../../../build/servo_action/servo_action.egg-info/PKG-INFO
writing dependency_links to ../../../build/servo_action/servo_action.egg-info/dependency_links.txt
writing entry points to ../../../build/servo_action/servo_action.egg-info/entry_points.txt
writing requirements to ../../../build/servo_action/servo_action.egg-info/requires.txt
writing top-level names to ../../../build/servo_action/servo_action.egg-info/top_level.txt
reading manifest file '../../../build/servo_action/servo_action.egg-info/SOURCES.txt'
writing manifest file '../../../build/servo_action/servo_action.egg-info/SOURCES.txt'
running build
running build_py
running install
running install_lib
running install_data
running install_egg_info
removing '/home/zy/dobot_ws/install/servo_action/lib/python3.10/site-packages/servo_action-0.0.0-py3.10.egg-info' (and everything under it)
Copying ../../../build/servo_action/servo_action.egg-info to /home/zy/dobot_ws/install/servo_action/lib/python3.10/site-packages/servo_action-0.0.0-py3.10.egg-info
running install_scripts
Installing Joint_Position script to /home/zy/dobot_ws/install/servo_action/lib/servo_action
Installing action_move_client script to /home/zy/dobot_ws/install/servo_action/lib/servo_action
writing list of installed files to '/home/zy/dobot_ws/build/servo_action/install.log'
