-- Install configuration: ""
-- Up-to-date: /home/zy/dobot_ws/install/cra_description/share/ament_index/resource_index/package_run_dependencies/cra_description
-- Up-to-date: /home/zy/dobot_ws/install/cra_description/share/ament_index/resource_index/parent_prefix_path/cra_description
-- Up-to-date: /home/zy/dobot_ws/install/cra_description/share/cra_description/environment/ament_prefix_path.sh
-- Up-to-date: /home/zy/dobot_ws/install/cra_description/share/cra_description/environment/ament_prefix_path.dsv
-- Up-to-date: /home/zy/dobot_ws/install/cra_description/share/cra_description/environment/path.sh
-- Up-to-date: /home/zy/dobot_ws/install/cra_description/share/cra_description/environment/path.dsv
-- Up-to-date: /home/zy/dobot_ws/install/cra_description/share/cra_description/local_setup.bash
-- Up-to-date: /home/zy/dobot_ws/install/cra_description/share/cra_description/local_setup.sh
-- Up-to-date: /home/zy/dobot_ws/install/cra_description/share/cra_description/local_setup.zsh
-- Up-to-date: /home/zy/dobot_ws/install/cra_description/share/cra_description/local_setup.dsv
-- Up-to-date: /home/zy/dobot_ws/install/cra_description/share/cra_description/package.dsv
-- Up-to-date: /home/zy/dobot_ws/install/cra_description/share/ament_index/resource_index/packages/cra_description
-- Up-to-date: /home/zy/dobot_ws/install/cra_description/share/cra_description/cmake/cra_descriptionConfig.cmake
-- Up-to-date: /home/zy/dobot_ws/install/cra_description/share/cra_description/cmake/cra_descriptionConfig-version.cmake
-- Up-to-date: /home/zy/dobot_ws/install/cra_description/share/cra_description/package.xml
-- Up-to-date: /home/zy/dobot_ws/install/cra_description/share/cra_description/urdf
-- Up-to-date: /home/zy/dobot_ws/install/cra_description/share/cra_description/urdf/nova5_robot.xacro
-- Up-to-date: /home/zy/dobot_ws/install/cra_description/share/cra_description/urdf/cr7_robot.xacro
-- Up-to-date: /home/zy/dobot_ws/install/cra_description/share/cra_description/urdf/cr3_robot.xacro
-- Up-to-date: /home/zy/dobot_ws/install/cra_description/share/cra_description/urdf/cr5_robot.xacro
-- Up-to-date: /home/zy/dobot_ws/install/cra_description/share/cra_description/urdf/cr10_robot.xacro
-- Up-to-date: /home/zy/dobot_ws/install/cra_description/share/cra_description/urdf/cr12_robot.xacro
-- Up-to-date: /home/zy/dobot_ws/install/cra_description/share/cra_description/urdf/cr16_robot.xacro
-- Up-to-date: /home/zy/dobot_ws/install/cra_description/share/cra_description/urdf/nova2_robot.xacro
-- Up-to-date: /home/zy/dobot_ws/install/cra_description/share/cra_description/meshes
-- Up-to-date: /home/zy/dobot_ws/install/cra_description/share/cra_description/meshes/nova2
-- Up-to-date: /home/zy/dobot_ws/install/cra_description/share/cra_description/meshes/nova2/Link1.STL
-- Up-to-date: /home/zy/dobot_ws/install/cra_description/share/cra_description/meshes/nova2/Link5.STL
-- Up-to-date: /home/zy/dobot_ws/install/cra_description/share/cra_description/meshes/nova2/Link3.STL
-- Up-to-date: /home/zy/dobot_ws/install/cra_description/share/cra_description/meshes/nova2/Link6.STL
-- Up-to-date: /home/zy/dobot_ws/install/cra_description/share/cra_description/meshes/nova2/base_link.STL
-- Up-to-date: /home/zy/dobot_ws/install/cra_description/share/cra_description/meshes/nova2/Link2.STL
-- Up-to-date: /home/zy/dobot_ws/install/cra_description/share/cra_description/meshes/nova2/Link4.STL
-- Up-to-date: /home/zy/dobot_ws/install/cra_description/share/cra_description/meshes/cr16
-- Up-to-date: /home/zy/dobot_ws/install/cra_description/share/cra_description/meshes/cr16/Link1.STL
-- Up-to-date: /home/zy/dobot_ws/install/cra_description/share/cra_description/meshes/cr16/Link5.STL
-- Up-to-date: /home/zy/dobot_ws/install/cra_description/share/cra_description/meshes/cr16/Link3.STL
-- Up-to-date: /home/zy/dobot_ws/install/cra_description/share/cra_description/meshes/cr16/Link6.STL
-- Up-to-date: /home/zy/dobot_ws/install/cra_description/share/cra_description/meshes/cr16/base_link.STL
-- Up-to-date: /home/zy/dobot_ws/install/cra_description/share/cra_description/meshes/cr16/Link2.STL
-- Up-to-date: /home/zy/dobot_ws/install/cra_description/share/cra_description/meshes/cr16/Link4.STL
-- Up-to-date: /home/zy/dobot_ws/install/cra_description/share/cra_description/meshes/cr12
-- Up-to-date: /home/zy/dobot_ws/install/cra_description/share/cra_description/meshes/cr12/J3.STL
-- Up-to-date: /home/zy/dobot_ws/install/cra_description/share/cra_description/meshes/cr12/J1.STL
-- Up-to-date: /home/zy/dobot_ws/install/cra_description/share/cra_description/meshes/cr12/J6.STL
-- Up-to-date: /home/zy/dobot_ws/install/cra_description/share/cra_description/meshes/cr12/J4.STL
-- Up-to-date: /home/zy/dobot_ws/install/cra_description/share/cra_description/meshes/cr12/base_link0.STL
-- Up-to-date: /home/zy/dobot_ws/install/cra_description/share/cra_description/meshes/cr12/J5.STL
-- Up-to-date: /home/zy/dobot_ws/install/cra_description/share/cra_description/meshes/cr12/J2.STL
-- Up-to-date: /home/zy/dobot_ws/install/cra_description/share/cra_description/meshes/cr5
-- Up-to-date: /home/zy/dobot_ws/install/cra_description/share/cra_description/meshes/cr5/Link2.dae
-- Up-to-date: /home/zy/dobot_ws/install/cra_description/share/cra_description/meshes/cr5/Link4.dae
-- Up-to-date: /home/zy/dobot_ws/install/cra_description/share/cra_description/meshes/cr5/Link6.dae
-- Up-to-date: /home/zy/dobot_ws/install/cra_description/share/cra_description/meshes/cr5/Link5.dae
-- Up-to-date: /home/zy/dobot_ws/install/cra_description/share/cra_description/meshes/cr5/Link1.dae
-- Up-to-date: /home/zy/dobot_ws/install/cra_description/share/cra_description/meshes/cr5/Link3.dae
-- Up-to-date: /home/zy/dobot_ws/install/cra_description/share/cra_description/meshes/cr5/base_link.dae
-- Up-to-date: /home/zy/dobot_ws/install/cra_description/share/cra_description/meshes/cr3
-- Up-to-date: /home/zy/dobot_ws/install/cra_description/share/cra_description/meshes/cr3/Link1.STL
-- Up-to-date: /home/zy/dobot_ws/install/cra_description/share/cra_description/meshes/cr3/Link5.STL
-- Up-to-date: /home/zy/dobot_ws/install/cra_description/share/cra_description/meshes/cr3/Link3.STL
-- Up-to-date: /home/zy/dobot_ws/install/cra_description/share/cra_description/meshes/cr3/Link6.STL
-- Up-to-date: /home/zy/dobot_ws/install/cra_description/share/cra_description/meshes/cr3/base_link.STL
-- Up-to-date: /home/zy/dobot_ws/install/cra_description/share/cra_description/meshes/cr3/Link2.STL
-- Up-to-date: /home/zy/dobot_ws/install/cra_description/share/cra_description/meshes/cr3/Link4.STL
-- Up-to-date: /home/zy/dobot_ws/install/cra_description/share/cra_description/meshes/nova5
-- Up-to-date: /home/zy/dobot_ws/install/cra_description/share/cra_description/meshes/nova5/Link1.STL
-- Up-to-date: /home/zy/dobot_ws/install/cra_description/share/cra_description/meshes/nova5/Link5.STL
-- Up-to-date: /home/zy/dobot_ws/install/cra_description/share/cra_description/meshes/nova5/Link3.STL
-- Up-to-date: /home/zy/dobot_ws/install/cra_description/share/cra_description/meshes/nova5/Link6.STL
-- Up-to-date: /home/zy/dobot_ws/install/cra_description/share/cra_description/meshes/nova5/base_link.STL
-- Up-to-date: /home/zy/dobot_ws/install/cra_description/share/cra_description/meshes/nova5/Link2.STL
-- Up-to-date: /home/zy/dobot_ws/install/cra_description/share/cra_description/meshes/nova5/Link4.STL
-- Up-to-date: /home/zy/dobot_ws/install/cra_description/share/cra_description/meshes/cr10
-- Up-to-date: /home/zy/dobot_ws/install/cra_description/share/cra_description/meshes/cr10/Link1.STL
-- Up-to-date: /home/zy/dobot_ws/install/cra_description/share/cra_description/meshes/cr10/Link5.STL
-- Up-to-date: /home/zy/dobot_ws/install/cra_description/share/cra_description/meshes/cr10/Link3.STL
-- Up-to-date: /home/zy/dobot_ws/install/cra_description/share/cra_description/meshes/cr10/Link6.STL
-- Up-to-date: /home/zy/dobot_ws/install/cra_description/share/cra_description/meshes/cr10/base_link.STL
-- Up-to-date: /home/zy/dobot_ws/install/cra_description/share/cra_description/meshes/cr10/Link2.STL
-- Up-to-date: /home/zy/dobot_ws/install/cra_description/share/cra_description/meshes/cr10/Link4.STL
-- Up-to-date: /home/zy/dobot_ws/install/cra_description/share/cra_description/meshes/cr7
-- Up-to-date: /home/zy/dobot_ws/install/cra_description/share/cra_description/meshes/cr7/J3.STL
-- Up-to-date: /home/zy/dobot_ws/install/cra_description/share/cra_description/meshes/cr7/J1.STL
-- Up-to-date: /home/zy/dobot_ws/install/cra_description/share/cra_description/meshes/cr7/J6.STL
-- Up-to-date: /home/zy/dobot_ws/install/cra_description/share/cra_description/meshes/cr7/J4.STL
-- Up-to-date: /home/zy/dobot_ws/install/cra_description/share/cra_description/meshes/cr7/base_link0.STL
-- Up-to-date: /home/zy/dobot_ws/install/cra_description/share/cra_description/meshes/cr7/J5.STL
-- Up-to-date: /home/zy/dobot_ws/install/cra_description/share/cra_description/meshes/cr7/J2.STL
