running egg_info
writing ../../../build/dobot_bringup_v3/dobot_bringup_v3.egg-info/PKG-INFO
writing dependency_links to ../../../build/dobot_bringup_v3/dobot_bringup_v3.egg-info/dependency_links.txt
writing entry points to ../../../build/dobot_bringup_v3/dobot_bringup_v3.egg-info/entry_points.txt
writing requirements to ../../../build/dobot_bringup_v3/dobot_bringup_v3.egg-info/requires.txt
writing top-level names to ../../../build/dobot_bringup_v3/dobot_bringup_v3.egg-info/top_level.txt
reading manifest file '../../../build/dobot_bringup_v3/dobot_bringup_v3.egg-info/SOURCES.txt'
writing manifest file '../../../build/dobot_bringup_v3/dobot_bringup_v3.egg-info/SOURCES.txt'
running build
running build_py
running install
running install_lib
running install_data
running install_egg_info
removing '/home/zy/dobot_ws/install/dobot_bringup_v3/lib/python3.10/site-packages/dobot_bringup_v3-0.0.0-py3.10.egg-info' (and everything under it)
Copying ../../../build/dobot_bringup_v3/dobot_bringup_v3.egg-info to /home/zy/dobot_ws/install/dobot_bringup_v3/lib/python3.10/site-packages/dobot_bringup_v3-0.0.0-py3.10.egg-info
running install_scripts
Installing dobot_bringup script to /home/zy/dobot_ws/install/dobot_bringup_v3/lib/dobot_bringup_v3
Installing feedback script to /home/zy/dobot_ws/install/dobot_bringup_v3/lib/dobot_bringup_v3
writing list of installed files to '/home/zy/dobot_ws/build/dobot_bringup_v3/install.log'
