[0.063s] Invoking command in '/home/zy/dobot_ws/build/nova5_moveit': CMAKE_PREFIX_PATH=/home/zy/dobot_ws/install/dobot_rviz:/home/zy/dobot_ws/install/obstacle_avoidance:/home/zy/dobot_ws/install/nova5_moveit:/home/zy/dobot_ws/install/nova2_moveit:/home/zy/dobot_ws/install/cr7_moveit:/home/zy/dobot_ws/install/cr5_moveit:/home/zy/dobot_ws/install/cr3_moveit:/home/zy/dobot_ws/install/cr16_moveit:/home/zy/dobot_ws/install/cr12_moveit:/home/zy/dobot_ws/install/cr10_moveit:/home/zy/dobot_ws/install/dobot_msgs_v3:/home/zy/dobot_ws/install/dobot_gazebo:/home/zy/dobot_ws/install/cra_description:/home/zy/dobot_ws/install/servo_action:/home/zy/dobot_ws/install/dobot_bringup_v3:/home/zy/dobot_ws/install/dobot_moveit:/home/zy/dobot_ws/install/dobot_demo:/opt/ros/humble /usr/bin/cmake /home/zy/dobot_ws/src/DOBOT_6Axis_ROS2_V3/nova5_moveit -DCMAKE_INSTALL_PREFIX=/home/zy/dobot_ws/install/nova5_moveit
[0.139s] -- The C compiler identification is GNU 11.4.0
[0.201s] -- The CXX compiler identification is GNU 11.4.0
[0.208s] -- Detecting C compiler ABI info
[0.277s] -- Detecting C compiler ABI info - done
[0.282s] -- Check for working C compiler: /usr/bin/cc - skipped
[0.283s] -- Detecting C compile features
[0.283s] -- Detecting C compile features - done
[0.286s] -- Detecting CXX compiler ABI info
[0.359s] -- Detecting CXX compiler ABI info - done
[0.364s] -- Check for working CXX compiler: /usr/bin/c++ - skipped
[0.365s] -- Detecting CXX compile features
[0.365s] -- Detecting CXX compile features - done
[0.371s] -- Found ament_cmake: 1.3.12 (/opt/ros/humble/share/ament_cmake/cmake)
[0.552s] -- Found Python3: /usr/bin/python3 (found version "3.10.12") found components: Interpreter 
[0.712s] -- Configuring done
[0.714s] -- Generating done
[0.715s] -- Build files have been written to: /home/zy/dobot_ws/build/nova5_moveit
[0.718s] Invoked command in '/home/zy/dobot_ws/build/nova5_moveit' returned '0': CMAKE_PREFIX_PATH=/home/zy/dobot_ws/install/dobot_rviz:/home/zy/dobot_ws/install/obstacle_avoidance:/home/zy/dobot_ws/install/nova5_moveit:/home/zy/dobot_ws/install/nova2_moveit:/home/zy/dobot_ws/install/cr7_moveit:/home/zy/dobot_ws/install/cr5_moveit:/home/zy/dobot_ws/install/cr3_moveit:/home/zy/dobot_ws/install/cr16_moveit:/home/zy/dobot_ws/install/cr12_moveit:/home/zy/dobot_ws/install/cr10_moveit:/home/zy/dobot_ws/install/dobot_msgs_v3:/home/zy/dobot_ws/install/dobot_gazebo:/home/zy/dobot_ws/install/cra_description:/home/zy/dobot_ws/install/servo_action:/home/zy/dobot_ws/install/dobot_bringup_v3:/home/zy/dobot_ws/install/dobot_moveit:/home/zy/dobot_ws/install/dobot_demo:/opt/ros/humble /usr/bin/cmake /home/zy/dobot_ws/src/DOBOT_6Axis_ROS2_V3/nova5_moveit -DCMAKE_INSTALL_PREFIX=/home/zy/dobot_ws/install/nova5_moveit
[0.720s] Invoking command in '/home/zy/dobot_ws/build/nova5_moveit': CMAKE_PREFIX_PATH=/home/zy/dobot_ws/install/dobot_rviz:/home/zy/dobot_ws/install/obstacle_avoidance:/home/zy/dobot_ws/install/nova5_moveit:/home/zy/dobot_ws/install/nova2_moveit:/home/zy/dobot_ws/install/cr7_moveit:/home/zy/dobot_ws/install/cr5_moveit:/home/zy/dobot_ws/install/cr3_moveit:/home/zy/dobot_ws/install/cr16_moveit:/home/zy/dobot_ws/install/cr12_moveit:/home/zy/dobot_ws/install/cr10_moveit:/home/zy/dobot_ws/install/dobot_msgs_v3:/home/zy/dobot_ws/install/dobot_gazebo:/home/zy/dobot_ws/install/cra_description:/home/zy/dobot_ws/install/servo_action:/home/zy/dobot_ws/install/dobot_bringup_v3:/home/zy/dobot_ws/install/dobot_moveit:/home/zy/dobot_ws/install/dobot_demo:/opt/ros/humble /usr/bin/cmake --build /home/zy/dobot_ws/build/nova5_moveit -- -j32 -l32
[0.752s] Invoked command in '/home/zy/dobot_ws/build/nova5_moveit' returned '0': CMAKE_PREFIX_PATH=/home/zy/dobot_ws/install/dobot_rviz:/home/zy/dobot_ws/install/obstacle_avoidance:/home/zy/dobot_ws/install/nova5_moveit:/home/zy/dobot_ws/install/nova2_moveit:/home/zy/dobot_ws/install/cr7_moveit:/home/zy/dobot_ws/install/cr5_moveit:/home/zy/dobot_ws/install/cr3_moveit:/home/zy/dobot_ws/install/cr16_moveit:/home/zy/dobot_ws/install/cr12_moveit:/home/zy/dobot_ws/install/cr10_moveit:/home/zy/dobot_ws/install/dobot_msgs_v3:/home/zy/dobot_ws/install/dobot_gazebo:/home/zy/dobot_ws/install/cra_description:/home/zy/dobot_ws/install/servo_action:/home/zy/dobot_ws/install/dobot_bringup_v3:/home/zy/dobot_ws/install/dobot_moveit:/home/zy/dobot_ws/install/dobot_demo:/opt/ros/humble /usr/bin/cmake --build /home/zy/dobot_ws/build/nova5_moveit -- -j32 -l32
[0.754s] Invoking command in '/home/zy/dobot_ws/build/nova5_moveit': CMAKE_PREFIX_PATH=/home/zy/dobot_ws/install/dobot_rviz:/home/zy/dobot_ws/install/obstacle_avoidance:/home/zy/dobot_ws/install/nova5_moveit:/home/zy/dobot_ws/install/nova2_moveit:/home/zy/dobot_ws/install/cr7_moveit:/home/zy/dobot_ws/install/cr5_moveit:/home/zy/dobot_ws/install/cr3_moveit:/home/zy/dobot_ws/install/cr16_moveit:/home/zy/dobot_ws/install/cr12_moveit:/home/zy/dobot_ws/install/cr10_moveit:/home/zy/dobot_ws/install/dobot_msgs_v3:/home/zy/dobot_ws/install/dobot_gazebo:/home/zy/dobot_ws/install/cra_description:/home/zy/dobot_ws/install/servo_action:/home/zy/dobot_ws/install/dobot_bringup_v3:/home/zy/dobot_ws/install/dobot_moveit:/home/zy/dobot_ws/install/dobot_demo:/opt/ros/humble /usr/bin/cmake --install /home/zy/dobot_ws/build/nova5_moveit
[0.761s] -- Install configuration: ""
[0.761s] -- Installing: /home/zy/dobot_ws/install/nova5_moveit/share/ament_index/resource_index/package_run_dependencies/nova5_moveit
[0.761s] -- Installing: /home/zy/dobot_ws/install/nova5_moveit/share/ament_index/resource_index/parent_prefix_path/nova5_moveit
[0.761s] -- Installing: /home/zy/dobot_ws/install/nova5_moveit/share/nova5_moveit/environment/ament_prefix_path.sh
[0.762s] -- Installing: /home/zy/dobot_ws/install/nova5_moveit/share/nova5_moveit/environment/ament_prefix_path.dsv
[0.762s] -- Installing: /home/zy/dobot_ws/install/nova5_moveit/share/nova5_moveit/environment/path.sh
[0.762s] -- Installing: /home/zy/dobot_ws/install/nova5_moveit/share/nova5_moveit/environment/path.dsv
[0.762s] -- Installing: /home/zy/dobot_ws/install/nova5_moveit/share/nova5_moveit/local_setup.bash
[0.762s] -- Installing: /home/zy/dobot_ws/install/nova5_moveit/share/nova5_moveit/local_setup.sh
[0.762s] -- Installing: /home/zy/dobot_ws/install/nova5_moveit/share/nova5_moveit/local_setup.zsh
[0.762s] -- Installing: /home/zy/dobot_ws/install/nova5_moveit/share/nova5_moveit/local_setup.dsv
[0.762s] -- Installing: /home/zy/dobot_ws/install/nova5_moveit/share/nova5_moveit/package.dsv
[0.763s] -- Installing: /home/zy/dobot_ws/install/nova5_moveit/share/ament_index/resource_index/packages/nova5_moveit
[0.763s] -- Installing: /home/zy/dobot_ws/install/nova5_moveit/share/nova5_moveit/cmake/nova5_moveitConfig.cmake
[0.763s] -- Installing: /home/zy/dobot_ws/install/nova5_moveit/share/nova5_moveit/cmake/nova5_moveitConfig-version.cmake
[0.763s] -- Installing: /home/zy/dobot_ws/install/nova5_moveit/share/nova5_moveit/package.xml
[0.763s] -- Installing: /home/zy/dobot_ws/install/nova5_moveit/share/nova5_moveit/launch
[0.763s] -- Installing: /home/zy/dobot_ws/install/nova5_moveit/share/nova5_moveit/launch/move_group.launch.py
[0.763s] -- Installing: /home/zy/dobot_ws/install/nova5_moveit/share/nova5_moveit/launch/warehouse_db.launch.py
[0.763s] -- Installing: /home/zy/dobot_ws/install/nova5_moveit/share/nova5_moveit/launch/spawn_controllers.launch.py
[0.764s] -- Installing: /home/zy/dobot_ws/install/nova5_moveit/share/nova5_moveit/launch/static_virtual_joint_tfs.launch.py
[0.764s] -- Installing: /home/zy/dobot_ws/install/nova5_moveit/share/nova5_moveit/launch/demo.launch.py
[0.764s] -- Installing: /home/zy/dobot_ws/install/nova5_moveit/share/nova5_moveit/launch/rsp.launch.py
[0.764s] -- Installing: /home/zy/dobot_ws/install/nova5_moveit/share/nova5_moveit/launch/setup_assistant.launch.py
[0.764s] -- Installing: /home/zy/dobot_ws/install/nova5_moveit/share/nova5_moveit/launch/moveit_rviz.launch.py
[0.764s] -- Installing: /home/zy/dobot_ws/install/nova5_moveit/share/nova5_moveit/launch/moveit_gazebo.launch.py
[0.765s] -- Installing: /home/zy/dobot_ws/install/nova5_moveit/share/nova5_moveit/launch/dobot_moveit.launch.py
[0.765s] -- Installing: /home/zy/dobot_ws/install/nova5_moveit/share/nova5_moveit/config
[0.765s] -- Installing: /home/zy/dobot_ws/install/nova5_moveit/share/nova5_moveit/config/ros2_controllers.yaml
[0.765s] -- Installing: /home/zy/dobot_ws/install/nova5_moveit/share/nova5_moveit/config/initial_positions.yaml
[0.765s] -- Installing: /home/zy/dobot_ws/install/nova5_moveit/share/nova5_moveit/config/joint_limits.yaml
[0.765s] -- Installing: /home/zy/dobot_ws/install/nova5_moveit/share/nova5_moveit/config/nova5_robot.urdf.xacro
[0.766s] -- Installing: /home/zy/dobot_ws/install/nova5_moveit/share/nova5_moveit/config/moveit.rviz
[0.766s] -- Installing: /home/zy/dobot_ws/install/nova5_moveit/share/nova5_moveit/config/pilz_cartesian_limits.yaml
[0.766s] -- Installing: /home/zy/dobot_ws/install/nova5_moveit/share/nova5_moveit/config/kinematics.yaml
[0.766s] -- Installing: /home/zy/dobot_ws/install/nova5_moveit/share/nova5_moveit/config/sensors_3d.yaml
[0.766s] -- Installing: /home/zy/dobot_ws/install/nova5_moveit/share/nova5_moveit/config/nova5_robot.srdf
[0.766s] -- Installing: /home/zy/dobot_ws/install/nova5_moveit/share/nova5_moveit/config/nova5_robot.ros2_control.xacro
[0.766s] -- Installing: /home/zy/dobot_ws/install/nova5_moveit/share/nova5_moveit/config/moveit_controllers.yaml
[0.767s] -- Installing: /home/zy/dobot_ws/install/nova5_moveit/share/nova5_moveit/.setup_assistant
[0.769s] Invoked command in '/home/zy/dobot_ws/build/nova5_moveit' returned '0': CMAKE_PREFIX_PATH=/home/zy/dobot_ws/install/dobot_rviz:/home/zy/dobot_ws/install/obstacle_avoidance:/home/zy/dobot_ws/install/nova5_moveit:/home/zy/dobot_ws/install/nova2_moveit:/home/zy/dobot_ws/install/cr7_moveit:/home/zy/dobot_ws/install/cr5_moveit:/home/zy/dobot_ws/install/cr3_moveit:/home/zy/dobot_ws/install/cr16_moveit:/home/zy/dobot_ws/install/cr12_moveit:/home/zy/dobot_ws/install/cr10_moveit:/home/zy/dobot_ws/install/dobot_msgs_v3:/home/zy/dobot_ws/install/dobot_gazebo:/home/zy/dobot_ws/install/cra_description:/home/zy/dobot_ws/install/servo_action:/home/zy/dobot_ws/install/dobot_bringup_v3:/home/zy/dobot_ws/install/dobot_moveit:/home/zy/dobot_ws/install/dobot_demo:/opt/ros/humble /usr/bin/cmake --install /home/zy/dobot_ws/build/nova5_moveit
