[0.008s] Invoking command in '/home/zy/dobot_ws/build/obstacle_avoidance': CMAKE_PREFIX_PATH=${CMAKE_PREFIX_PATH}:/home/zy/dobot_ws/install/servo_action:/home/zy/dobot_ws/install/dobot_bringup_v3:/home/zy/dobot_ws/install/dobot_moveit:/home/zy/dobot_ws/install/dobot_demo:/opt/ros/humble /usr/bin/cmake --build /home/zy/dobot_ws/build/obstacle_avoidance -- -j32 -l32
[0.024s] -- Found ament_cmake: 1.3.12 (/opt/ros/humble/share/ament_cmake/cmake)
[0.136s] -- Configuring done
[0.136s] -- Generating done
[0.137s] -- Build files have been written to: /home/zy/dobot_ws/build/obstacle_avoidance
[0.151s] Invoked command in '/home/zy/dobot_ws/build/obstacle_avoidance' returned '0': CMAKE_PREFIX_PATH=${CMAKE_PREFIX_PATH}:/home/zy/dobot_ws/install/servo_action:/home/zy/dobot_ws/install/dobot_bringup_v3:/home/zy/dobot_ws/install/dobot_moveit:/home/zy/dobot_ws/install/dobot_demo:/opt/ros/humble /usr/bin/cmake --build /home/zy/dobot_ws/build/obstacle_avoidance -- -j32 -l32
[0.158s] Invoking command in '/home/zy/dobot_ws/build/obstacle_avoidance': CMAKE_PREFIX_PATH=${CMAKE_PREFIX_PATH}:/home/zy/dobot_ws/install/servo_action:/home/zy/dobot_ws/install/dobot_bringup_v3:/home/zy/dobot_ws/install/dobot_moveit:/home/zy/dobot_ws/install/dobot_demo:/opt/ros/humble /usr/bin/cmake --install /home/zy/dobot_ws/build/obstacle_avoidance
[0.163s] -- Install configuration: ""
[0.163s] -- Up-to-date: /home/zy/dobot_ws/install/obstacle_avoidance/share/obstacle_avoidance/launch
[0.163s] -- Up-to-date: /home/zy/dobot_ws/install/obstacle_avoidance/share/obstacle_avoidance/launch/camera.launch.py
[0.163s] -- Up-to-date: /home/zy/dobot_ws/install/obstacle_avoidance/share/obstacle_avoidance/launch/camera_tf.launch.py
[0.163s] -- Installing: /home/zy/dobot_ws/install/obstacle_avoidance/share/obstacle_avoidance/launch/octomap.launch.py
[0.163s] -- Up-to-date: /home/zy/dobot_ws/install/obstacle_avoidance/share/obstacle_avoidance/launch/obstacle_avoidance.launch.py
[0.163s] -- Up-to-date: /home/zy/dobot_ws/install/obstacle_avoidance/share/obstacle_avoidance/launch/move_group_sensors.launch.py
[0.164s] -- Up-to-date: /home/zy/dobot_ws/install/obstacle_avoidance/share/obstacle_avoidance/config
[0.164s] [31mCMake Error at cmake_install.cmake:53 (file):
[0.164s]   file INSTALL cannot find
[0.164s]   "/home/zy/dobot_ws/src/obstacle_avoidance/scripts/pointcloud_filter.py": No
[0.164s]   such file or directory.
[0.164s] 
[0.164s] [0m
[0.164s] -- Up-to-date: /home/zy/dobot_ws/install/obstacle_avoidance/share/obstacle_avoidance/config/octomap_config.yaml
[0.164s] -- Up-to-date: /home/zy/dobot_ws/install/obstacle_avoidance/lib/obstacle_avoidance/octomap_to_planning_scene.py
[0.164s] Invoked command in '/home/zy/dobot_ws/build/obstacle_avoidance' returned '1': CMAKE_PREFIX_PATH=${CMAKE_PREFIX_PATH}:/home/zy/dobot_ws/install/servo_action:/home/zy/dobot_ws/install/dobot_bringup_v3:/home/zy/dobot_ws/install/dobot_moveit:/home/zy/dobot_ws/install/dobot_demo:/opt/ros/humble /usr/bin/cmake --install /home/zy/dobot_ws/build/obstacle_avoidance
