[0.166s] Invoking command in '/home/zy/dobot_ws/build/dobot_gazebo': AMENT_PREFIX_PATH=/home/zy/dobot_ws/install/cra_description:${AMENT_PREFIX_PATH} CMAKE_PREFIX_PATH=/home/zy/dobot_ws/install/cra_description:/opt/ros/humble /usr/bin/cmake /home/zy/dobot_ws/src/DOBOT_6Axis_ROS2_V3/dobot_gazebo -DCMAKE_INSTALL_PREFIX=/home/zy/dobot_ws/install/dobot_gazebo
[0.526s] -- The C compiler identification is GNU 11.4.0
[0.909s] -- The CXX compiler identification is GNU 11.4.0
[0.960s] -- Detecting C compiler ABI info
[1.403s] -- Detecting C compiler ABI info - done
[1.470s] -- Check for working C compiler: /usr/bin/cc - skipped
[1.473s] -- Detecting C compile features
[1.476s] -- Detecting C compile features - done
[1.501s] -- Detecting CXX compiler ABI info
[2.006s] -- Detecting CXX compiler ABI info - done
[2.069s] -- Check for working CXX compiler: /usr/bin/c++ - skipped
[2.072s] -- Detecting CXX compile features
[2.076s] -- Detecting CXX compile features - done
[2.096s] -- Found ament_cmake: 1.3.12 (/opt/ros/humble/share/ament_cmake/cmake)
[3.113s] -- Found Python3: /usr/bin/python3 (found version "3.10.12") found components: Interpreter 
[4.273s] -- Configuring done
[4.304s] -- Generating done
[4.305s] -- Build files have been written to: /home/zy/dobot_ws/build/dobot_gazebo
[4.331s] Invoked command in '/home/zy/dobot_ws/build/dobot_gazebo' returned '0': AMENT_PREFIX_PATH=/home/zy/dobot_ws/install/cra_description:${AMENT_PREFIX_PATH} CMAKE_PREFIX_PATH=/home/zy/dobot_ws/install/cra_description:/opt/ros/humble /usr/bin/cmake /home/zy/dobot_ws/src/DOBOT_6Axis_ROS2_V3/dobot_gazebo -DCMAKE_INSTALL_PREFIX=/home/zy/dobot_ws/install/dobot_gazebo
[4.342s] Invoking command in '/home/zy/dobot_ws/build/dobot_gazebo': AMENT_PREFIX_PATH=/home/zy/dobot_ws/install/cra_description:${AMENT_PREFIX_PATH} CMAKE_PREFIX_PATH=/home/zy/dobot_ws/install/cra_description:/opt/ros/humble /usr/bin/cmake --build /home/zy/dobot_ws/build/dobot_gazebo -- -j32 -l32
[5.160s] Invoked command in '/home/zy/dobot_ws/build/dobot_gazebo' returned '0': AMENT_PREFIX_PATH=/home/zy/dobot_ws/install/cra_description:${AMENT_PREFIX_PATH} CMAKE_PREFIX_PATH=/home/zy/dobot_ws/install/cra_description:/opt/ros/humble /usr/bin/cmake --build /home/zy/dobot_ws/build/dobot_gazebo -- -j32 -l32
[5.162s] Invoking command in '/home/zy/dobot_ws/build/dobot_gazebo': AMENT_PREFIX_PATH=/home/zy/dobot_ws/install/cra_description:${AMENT_PREFIX_PATH} CMAKE_PREFIX_PATH=/home/zy/dobot_ws/install/cra_description:/opt/ros/humble /usr/bin/cmake --install /home/zy/dobot_ws/build/dobot_gazebo
[5.180s] -- Install configuration: ""
[5.180s] -- Installing: /home/zy/dobot_ws/install/dobot_gazebo/share/dobot_gazebo/launch
[5.181s] -- Installing: /home/zy/dobot_ws/install/dobot_gazebo/share/dobot_gazebo/launch/gazebo_moveit.launch.py
[5.181s] -- Installing: /home/zy/dobot_ws/install/dobot_gazebo/share/dobot_gazebo/launch/dobot_gazebo.launch.py
[5.181s] -- Installing: /home/zy/dobot_ws/install/dobot_gazebo/share/dobot_gazebo/worlds
[5.182s] -- Installing: /home/zy/dobot_ws/install/dobot_gazebo/share/dobot_gazebo/worlds/ur10.world
[5.182s] -- Installing: /home/zy/dobot_ws/install/dobot_gazebo/share/dobot_gazebo/config
[5.183s] -- Installing: /home/zy/dobot_ws/install/dobot_gazebo/share/dobot_gazebo/config/moveitcpp.rviz
[5.183s] -- Installing: /home/zy/dobot_ws/install/dobot_gazebo/share/ament_index/resource_index/package_run_dependencies/dobot_gazebo
[5.190s] -- Installing: /home/zy/dobot_ws/install/dobot_gazebo/share/ament_index/resource_index/parent_prefix_path/dobot_gazebo
[5.191s] -- Installing: /home/zy/dobot_ws/install/dobot_gazebo/share/dobot_gazebo/environment/ament_prefix_path.sh
[5.192s] -- Installing: /home/zy/dobot_ws/install/dobot_gazebo/share/dobot_gazebo/environment/ament_prefix_path.dsv
[5.192s] -- Installing: /home/zy/dobot_ws/install/dobot_gazebo/share/dobot_gazebo/environment/path.sh
[5.193s] -- Installing: /home/zy/dobot_ws/install/dobot_gazebo/share/dobot_gazebo/environment/path.dsv
[5.195s] -- Installing: /home/zy/dobot_ws/install/dobot_gazebo/share/dobot_gazebo/local_setup.bash
[5.196s] -- Installing: /home/zy/dobot_ws/install/dobot_gazebo/share/dobot_gazebo/local_setup.sh
[5.205s] -- Installing: /home/zy/dobot_ws/install/dobot_gazebo/share/dobot_gazebo/local_setup.zsh
[5.205s] -- Installing: /home/zy/dobot_ws/install/dobot_gazebo/share/dobot_gazebo/local_setup.dsv
[5.209s] -- Installing: /home/zy/dobot_ws/install/dobot_gazebo/share/dobot_gazebo/package.dsv
[5.210s] -- Installing: /home/zy/dobot_ws/install/dobot_gazebo/share/ament_index/resource_index/packages/dobot_gazebo
[5.211s] -- Installing: /home/zy/dobot_ws/install/dobot_gazebo/share/dobot_gazebo/cmake/dobot_gazeboConfig.cmake
[5.212s] -- Installing: /home/zy/dobot_ws/install/dobot_gazebo/share/dobot_gazebo/cmake/dobot_gazeboConfig-version.cmake
[5.212s] -- Installing: /home/zy/dobot_ws/install/dobot_gazebo/share/dobot_gazebo/package.xml
[5.507s] Invoked command in '/home/zy/dobot_ws/build/dobot_gazebo' returned '0': AMENT_PREFIX_PATH=/home/zy/dobot_ws/install/cra_description:${AMENT_PREFIX_PATH} CMAKE_PREFIX_PATH=/home/zy/dobot_ws/install/cra_description:/opt/ros/humble /usr/bin/cmake --install /home/zy/dobot_ws/build/dobot_gazebo
