-- Install configuration: ""
-- Up-to-date: /home/zy/dobot_ws/install/cr5_moveit/share/ament_index/resource_index/package_run_dependencies/cr5_moveit
-- Up-to-date: /home/zy/dobot_ws/install/cr5_moveit/share/ament_index/resource_index/parent_prefix_path/cr5_moveit
-- Up-to-date: /home/zy/dobot_ws/install/cr5_moveit/share/cr5_moveit/environment/ament_prefix_path.sh
-- Up-to-date: /home/zy/dobot_ws/install/cr5_moveit/share/cr5_moveit/environment/ament_prefix_path.dsv
-- Up-to-date: /home/zy/dobot_ws/install/cr5_moveit/share/cr5_moveit/environment/path.sh
-- Up-to-date: /home/zy/dobot_ws/install/cr5_moveit/share/cr5_moveit/environment/path.dsv
-- Up-to-date: /home/zy/dobot_ws/install/cr5_moveit/share/cr5_moveit/local_setup.bash
-- Up-to-date: /home/zy/dobot_ws/install/cr5_moveit/share/cr5_moveit/local_setup.sh
-- Up-to-date: /home/zy/dobot_ws/install/cr5_moveit/share/cr5_moveit/local_setup.zsh
-- Up-to-date: /home/zy/dobot_ws/install/cr5_moveit/share/cr5_moveit/local_setup.dsv
-- Installing: /home/zy/dobot_ws/install/cr5_moveit/share/cr5_moveit/package.dsv
-- Up-to-date: /home/zy/dobot_ws/install/cr5_moveit/share/ament_index/resource_index/packages/cr5_moveit
-- Up-to-date: /home/zy/dobot_ws/install/cr5_moveit/share/cr5_moveit/cmake/cr5_moveitConfig.cmake
-- Up-to-date: /home/zy/dobot_ws/install/cr5_moveit/share/cr5_moveit/cmake/cr5_moveitConfig-version.cmake
-- Up-to-date: /home/zy/dobot_ws/install/cr5_moveit/share/cr5_moveit/package.xml
-- Up-to-date: /home/zy/dobot_ws/install/cr5_moveit/share/cr5_moveit/launch
-- Up-to-date: /home/zy/dobot_ws/install/cr5_moveit/share/cr5_moveit/launch/move_group.launch.py
-- Up-to-date: /home/zy/dobot_ws/install/cr5_moveit/share/cr5_moveit/launch/warehouse_db.launch.py
-- Up-to-date: /home/zy/dobot_ws/install/cr5_moveit/share/cr5_moveit/launch/spawn_controllers.launch.py
-- Up-to-date: /home/zy/dobot_ws/install/cr5_moveit/share/cr5_moveit/launch/static_virtual_joint_tfs.launch.py
-- Up-to-date: /home/zy/dobot_ws/install/cr5_moveit/share/cr5_moveit/launch/demo.launch.py
-- Up-to-date: /home/zy/dobot_ws/install/cr5_moveit/share/cr5_moveit/launch/rsp.launch.py
-- Up-to-date: /home/zy/dobot_ws/install/cr5_moveit/share/cr5_moveit/launch/setup_assistant.launch.py
-- Up-to-date: /home/zy/dobot_ws/install/cr5_moveit/share/cr5_moveit/launch/moveit_rviz.launch.py
-- Up-to-date: /home/zy/dobot_ws/install/cr5_moveit/share/cr5_moveit/launch/moveit_gazebo.launch.py
-- Up-to-date: /home/zy/dobot_ws/install/cr5_moveit/share/cr5_moveit/launch/dobot_moveit.launch.py
-- Up-to-date: /home/zy/dobot_ws/install/cr5_moveit/share/cr5_moveit/config
-- Up-to-date: /home/zy/dobot_ws/install/cr5_moveit/share/cr5_moveit/config/ros2_controllers.yaml
-- Up-to-date: /home/zy/dobot_ws/install/cr5_moveit/share/cr5_moveit/config/initial_positions.yaml
-- Up-to-date: /home/zy/dobot_ws/install/cr5_moveit/share/cr5_moveit/config/joint_limits.yaml
-- Up-to-date: /home/zy/dobot_ws/install/cr5_moveit/share/cr5_moveit/config/cr5_robot.srdf
-- Up-to-date: /home/zy/dobot_ws/install/cr5_moveit/share/cr5_moveit/config/moveit.rviz
-- Up-to-date: /home/zy/dobot_ws/install/cr5_moveit/share/cr5_moveit/config/pilz_cartesian_limits.yaml
-- Up-to-date: /home/zy/dobot_ws/install/cr5_moveit/share/cr5_moveit/config/kinematics.yaml
-- Up-to-date: /home/zy/dobot_ws/install/cr5_moveit/share/cr5_moveit/config/cr5_robot.ros2_control.xacro
-- Up-to-date: /home/zy/dobot_ws/install/cr5_moveit/share/cr5_moveit/config/moveit_controllers.yaml
-- Up-to-date: /home/zy/dobot_ws/install/cr5_moveit/share/cr5_moveit/config/cr5_robot.urdf.xacro
-- Up-to-date: /home/zy/dobot_ws/install/cr5_moveit/share/cr5_moveit/.setup_assistant
