[0.577s] Invoking command in '/home/zy/dobot_ws/src/DOBOT_6Axis_ROS2_V3/dobot_bringup_v3': AMENT_PREFIX_PATH=/home/zy/dobot_ws/install/dobot_msgs_v3:${AMENT_PREFIX_PATH} CMAKE_PREFIX_PATH=/home/zy/dobot_ws/install/dobot_msgs_v3 LD_LIBRARY_PATH=/home/zy/dobot_ws/install/dobot_msgs_v3/lib:${LD_LIBRARY_PATH} PYTHONPATH=/home/zy/dobot_ws/build/dobot_bringup_v3/prefix_override:/usr/lib/python3/dist-packages/colcon_core/task/python/colcon_distutils_commands:/home/zy/dobot_ws/install/dobot_bringup_v3/lib/python3.10/site-packages:/home/zy/dobot_ws/install/dobot_msgs_v3/local/lib/python3.10/dist-packages:${PYTHONPATH} /usr/bin/python3 -W ignore:setup.py install is deprecated -W ignore:easy_install command is deprecated setup.py egg_info --egg-base ../../../build/dobot_bringup_v3 build --build-base /home/zy/dobot_ws/build/dobot_bringup_v3/build install --record /home/zy/dobot_ws/build/dobot_bringup_v3/install.log --single-version-externally-managed install_data
[0.773s] running egg_info
[0.774s] creating ../../../build/dobot_bringup_v3/dobot_bringup_v3.egg-info
[0.774s] writing ../../../build/dobot_bringup_v3/dobot_bringup_v3.egg-info/PKG-INFO
[0.774s] writing dependency_links to ../../../build/dobot_bringup_v3/dobot_bringup_v3.egg-info/dependency_links.txt
[0.774s] writing entry points to ../../../build/dobot_bringup_v3/dobot_bringup_v3.egg-info/entry_points.txt
[0.774s] writing requirements to ../../../build/dobot_bringup_v3/dobot_bringup_v3.egg-info/requires.txt
[0.774s] writing top-level names to ../../../build/dobot_bringup_v3/dobot_bringup_v3.egg-info/top_level.txt
[0.775s] writing manifest file '../../../build/dobot_bringup_v3/dobot_bringup_v3.egg-info/SOURCES.txt'
[0.776s] reading manifest file '../../../build/dobot_bringup_v3/dobot_bringup_v3.egg-info/SOURCES.txt'
[0.776s] writing manifest file '../../../build/dobot_bringup_v3/dobot_bringup_v3.egg-info/SOURCES.txt'
[0.777s] running build
[0.777s] running build_py
[0.777s] creating /home/zy/dobot_ws/build/dobot_bringup_v3/build
[0.777s] creating /home/zy/dobot_ws/build/dobot_bringup_v3/build/lib
[0.777s] creating /home/zy/dobot_ws/build/dobot_bringup_v3/build/lib/dobot_bringup_v3
[0.777s] copying dobot_bringup_v3/feedback.py -> /home/zy/dobot_ws/build/dobot_bringup_v3/build/lib/dobot_bringup_v3
[0.777s] copying dobot_bringup_v3/__init__.py -> /home/zy/dobot_ws/build/dobot_bringup_v3/build/lib/dobot_bringup_v3
[0.777s] copying dobot_bringup_v3/dobot_api.py -> /home/zy/dobot_ws/build/dobot_bringup_v3/build/lib/dobot_bringup_v3
[0.777s] copying dobot_bringup_v3/dobot_bringup.py -> /home/zy/dobot_ws/build/dobot_bringup_v3/build/lib/dobot_bringup_v3
[0.777s] running install
[0.777s] running install_lib
[0.778s] creating /home/zy/dobot_ws/install/dobot_bringup_v3/lib/python3.10/site-packages/dobot_bringup_v3
[0.778s] copying /home/zy/dobot_ws/build/dobot_bringup_v3/build/lib/dobot_bringup_v3/feedback.py -> /home/zy/dobot_ws/install/dobot_bringup_v3/lib/python3.10/site-packages/dobot_bringup_v3
[0.778s] copying /home/zy/dobot_ws/build/dobot_bringup_v3/build/lib/dobot_bringup_v3/__init__.py -> /home/zy/dobot_ws/install/dobot_bringup_v3/lib/python3.10/site-packages/dobot_bringup_v3
[0.778s] copying /home/zy/dobot_ws/build/dobot_bringup_v3/build/lib/dobot_bringup_v3/dobot_api.py -> /home/zy/dobot_ws/install/dobot_bringup_v3/lib/python3.10/site-packages/dobot_bringup_v3
[0.778s] copying /home/zy/dobot_ws/build/dobot_bringup_v3/build/lib/dobot_bringup_v3/dobot_bringup.py -> /home/zy/dobot_ws/install/dobot_bringup_v3/lib/python3.10/site-packages/dobot_bringup_v3
[0.778s] byte-compiling /home/zy/dobot_ws/install/dobot_bringup_v3/lib/python3.10/site-packages/dobot_bringup_v3/feedback.py to feedback.cpython-310.pyc
[0.780s] byte-compiling /home/zy/dobot_ws/install/dobot_bringup_v3/lib/python3.10/site-packages/dobot_bringup_v3/__init__.py to __init__.cpython-310.pyc
[0.780s] byte-compiling /home/zy/dobot_ws/install/dobot_bringup_v3/lib/python3.10/site-packages/dobot_bringup_v3/dobot_api.py to dobot_api.cpython-310.pyc
[0.783s] byte-compiling /home/zy/dobot_ws/install/dobot_bringup_v3/lib/python3.10/site-packages/dobot_bringup_v3/dobot_bringup.py to dobot_bringup.cpython-310.pyc
[0.786s] running install_data
[0.786s] creating /home/zy/dobot_ws/install/dobot_bringup_v3/share/ament_index
[0.786s] creating /home/zy/dobot_ws/install/dobot_bringup_v3/share/ament_index/resource_index
[0.786s] creating /home/zy/dobot_ws/install/dobot_bringup_v3/share/ament_index/resource_index/packages
[0.786s] copying resource/dobot_bringup_v3 -> /home/zy/dobot_ws/install/dobot_bringup_v3/share/ament_index/resource_index/packages
[0.786s] copying package.xml -> /home/zy/dobot_ws/install/dobot_bringup_v3/share/dobot_bringup_v3
[0.786s] creating /home/zy/dobot_ws/install/dobot_bringup_v3/share/dobot_bringup_v3/launch
[0.786s] copying launch/dobot_bringup_ros2.launch.py -> /home/zy/dobot_ws/install/dobot_bringup_v3/share/dobot_bringup_v3/launch
[0.786s] running install_egg_info
[0.787s] Copying ../../../build/dobot_bringup_v3/dobot_bringup_v3.egg-info to /home/zy/dobot_ws/install/dobot_bringup_v3/lib/python3.10/site-packages/dobot_bringup_v3-0.0.0-py3.10.egg-info
[0.788s] running install_scripts
[0.806s] Installing dobot_bringup script to /home/zy/dobot_ws/install/dobot_bringup_v3/lib/dobot_bringup_v3
[0.806s] Installing feedback script to /home/zy/dobot_ws/install/dobot_bringup_v3/lib/dobot_bringup_v3
[0.806s] writing list of installed files to '/home/zy/dobot_ws/build/dobot_bringup_v3/install.log'
[0.827s] Invoked command in '/home/zy/dobot_ws/src/DOBOT_6Axis_ROS2_V3/dobot_bringup_v3' returned '0': AMENT_PREFIX_PATH=/home/zy/dobot_ws/install/dobot_msgs_v3:${AMENT_PREFIX_PATH} CMAKE_PREFIX_PATH=/home/zy/dobot_ws/install/dobot_msgs_v3 LD_LIBRARY_PATH=/home/zy/dobot_ws/install/dobot_msgs_v3/lib:${LD_LIBRARY_PATH} PYTHONPATH=/home/zy/dobot_ws/build/dobot_bringup_v3/prefix_override:/usr/lib/python3/dist-packages/colcon_core/task/python/colcon_distutils_commands:/home/zy/dobot_ws/install/dobot_bringup_v3/lib/python3.10/site-packages:/home/zy/dobot_ws/install/dobot_msgs_v3/local/lib/python3.10/dist-packages:${PYTHONPATH} /usr/bin/python3 -W ignore:setup.py install is deprecated -W ignore:easy_install command is deprecated setup.py egg_info --egg-base ../../../build/dobot_bringup_v3 build --build-base /home/zy/dobot_ws/build/dobot_bringup_v3/build install --record /home/zy/dobot_ws/build/dobot_bringup_v3/install.log --single-version-externally-managed install_data
