[0.179s] Invoking command in '/home/zy/dobot_ws/build/cr16_moveit': AMENT_PREFIX_PATH=/home/zy/dobot_ws/install/dobot_rviz:${AMENT_PREFIX_PATH} CMAKE_PREFIX_PATH=/home/zy/dobot_ws/install/dobot_rviz:/opt/ros/humble /usr/bin/cmake /home/zy/dobot_ws/src/DOBOT_6Axis_ROS2_V3/cr16_moveit -DCMAKE_INSTALL_PREFIX=/home/zy/dobot_ws/install/cr16_moveit
[0.591s] -- The C compiler identification is GNU 11.4.0
[0.980s] -- The CXX compiler identification is GNU 11.4.0
[1.035s] -- Detecting C compiler ABI info
[1.504s] -- Detecting C compiler ABI info - done
[1.531s] -- Check for working C compiler: /usr/bin/cc - skipped
[1.532s] -- Detecting C compile features
[1.535s] -- Detecting C compile features - done
[1.555s] -- Detecting CXX compiler ABI info
[2.087s] -- Detecting CXX compiler ABI info - done
[2.155s] -- Check for working CXX compiler: /usr/bin/c++ - skipped
[2.157s] -- Detecting CXX compile features
[2.162s] -- Detecting CXX compile features - done
[2.181s] -- Found ament_cmake: 1.3.12 (/opt/ros/humble/share/ament_cmake/cmake)
[3.210s] -- Found Python3: /usr/bin/python3 (found version "3.10.12") found components: Interpreter 
[4.242s] -- Configuring done
[4.269s] -- Generating done
[4.283s] -- Build files have been written to: /home/zy/dobot_ws/build/cr16_moveit
[4.343s] Invoked command in '/home/zy/dobot_ws/build/cr16_moveit' returned '0': AMENT_PREFIX_PATH=/home/zy/dobot_ws/install/dobot_rviz:${AMENT_PREFIX_PATH} CMAKE_PREFIX_PATH=/home/zy/dobot_ws/install/dobot_rviz:/opt/ros/humble /usr/bin/cmake /home/zy/dobot_ws/src/DOBOT_6Axis_ROS2_V3/cr16_moveit -DCMAKE_INSTALL_PREFIX=/home/zy/dobot_ws/install/cr16_moveit
[4.372s] Invoking command in '/home/zy/dobot_ws/build/cr16_moveit': AMENT_PREFIX_PATH=/home/zy/dobot_ws/install/dobot_rviz:${AMENT_PREFIX_PATH} CMAKE_PREFIX_PATH=/home/zy/dobot_ws/install/dobot_rviz:/opt/ros/humble /usr/bin/cmake --build /home/zy/dobot_ws/build/cr16_moveit -- -j32 -l32
[4.838s] Invoked command in '/home/zy/dobot_ws/build/cr16_moveit' returned '0': AMENT_PREFIX_PATH=/home/zy/dobot_ws/install/dobot_rviz:${AMENT_PREFIX_PATH} CMAKE_PREFIX_PATH=/home/zy/dobot_ws/install/dobot_rviz:/opt/ros/humble /usr/bin/cmake --build /home/zy/dobot_ws/build/cr16_moveit -- -j32 -l32
[4.857s] Invoking command in '/home/zy/dobot_ws/build/cr16_moveit': AMENT_PREFIX_PATH=/home/zy/dobot_ws/install/dobot_rviz:${AMENT_PREFIX_PATH} CMAKE_PREFIX_PATH=/home/zy/dobot_ws/install/dobot_rviz:/opt/ros/humble /usr/bin/cmake --install /home/zy/dobot_ws/build/cr16_moveit
[4.905s] -- Install configuration: ""
[4.908s] -- Installing: /home/zy/dobot_ws/install/cr16_moveit/share/ament_index/resource_index/package_run_dependencies/cr16_moveit
[4.908s] -- Installing: /home/zy/dobot_ws/install/cr16_moveit/share/ament_index/resource_index/parent_prefix_path/cr16_moveit
[4.909s] -- Installing: /home/zy/dobot_ws/install/cr16_moveit/share/cr16_moveit/environment/ament_prefix_path.sh
[4.909s] -- Installing: /home/zy/dobot_ws/install/cr16_moveit/share/cr16_moveit/environment/ament_prefix_path.dsv
[4.910s] -- Installing: /home/zy/dobot_ws/install/cr16_moveit/share/cr16_moveit/environment/path.sh
[4.910s] -- Installing: /home/zy/dobot_ws/install/cr16_moveit/share/cr16_moveit/environment/path.dsv
[4.910s] -- Installing: /home/zy/dobot_ws/install/cr16_moveit/share/cr16_moveit/local_setup.bash
[4.911s] -- Installing: /home/zy/dobot_ws/install/cr16_moveit/share/cr16_moveit/local_setup.sh
[4.911s] -- Installing: /home/zy/dobot_ws/install/cr16_moveit/share/cr16_moveit/local_setup.zsh
[4.913s] -- Installing: /home/zy/dobot_ws/install/cr16_moveit/share/cr16_moveit/local_setup.dsv
[4.914s] -- Installing: /home/zy/dobot_ws/install/cr16_moveit/share/cr16_moveit/package.dsv
[4.914s] -- Installing: /home/zy/dobot_ws/install/cr16_moveit/share/ament_index/resource_index/packages/cr16_moveit
[4.914s] -- Installing: /home/zy/dobot_ws/install/cr16_moveit/share/cr16_moveit/cmake/cr16_moveitConfig.cmake
[4.915s] -- Installing: /home/zy/dobot_ws/install/cr16_moveit/share/cr16_moveit/cmake/cr16_moveitConfig-version.cmake
[4.915s] -- Installing: /home/zy/dobot_ws/install/cr16_moveit/share/cr16_moveit/package.xml
[4.918s] -- Installing: /home/zy/dobot_ws/install/cr16_moveit/share/cr16_moveit/launch
[4.919s] -- Installing: /home/zy/dobot_ws/install/cr16_moveit/share/cr16_moveit/launch/move_group.launch.py
[4.920s] -- Installing: /home/zy/dobot_ws/install/cr16_moveit/share/cr16_moveit/launch/warehouse_db.launch.py
[4.921s] -- Installing: /home/zy/dobot_ws/install/cr16_moveit/share/cr16_moveit/launch/spawn_controllers.launch.py
[4.921s] -- Installing: /home/zy/dobot_ws/install/cr16_moveit/share/cr16_moveit/launch/static_virtual_joint_tfs.launch.py
[4.921s] -- Installing: /home/zy/dobot_ws/install/cr16_moveit/share/cr16_moveit/launch/demo.launch.py
[4.922s] -- Installing: /home/zy/dobot_ws/install/cr16_moveit/share/cr16_moveit/launch/rsp.launch.py
[4.922s] -- Installing: /home/zy/dobot_ws/install/cr16_moveit/share/cr16_moveit/launch/setup_assistant.launch.py
[4.923s] -- Installing: /home/zy/dobot_ws/install/cr16_moveit/share/cr16_moveit/launch/moveit_rviz.launch.py
[4.923s] -- Installing: /home/zy/dobot_ws/install/cr16_moveit/share/cr16_moveit/launch/moveit_gazebo.launch.py
[4.923s] -- Installing: /home/zy/dobot_ws/install/cr16_moveit/share/cr16_moveit/launch/dobot_moveit.launch.py
[4.924s] -- Installing: /home/zy/dobot_ws/install/cr16_moveit/share/cr16_moveit/config
[4.924s] -- Installing: /home/zy/dobot_ws/install/cr16_moveit/share/cr16_moveit/config/ros2_controllers.yaml
[4.924s] -- Installing: /home/zy/dobot_ws/install/cr16_moveit/share/cr16_moveit/config/initial_positions.yaml
[4.925s] -- Installing: /home/zy/dobot_ws/install/cr16_moveit/share/cr16_moveit/config/joint_limits.yaml
[4.925s] -- Installing: /home/zy/dobot_ws/install/cr16_moveit/share/cr16_moveit/config/moveit.rviz
[4.925s] -- Installing: /home/zy/dobot_ws/install/cr16_moveit/share/cr16_moveit/config/pilz_cartesian_limits.yaml
[4.925s] -- Installing: /home/zy/dobot_ws/install/cr16_moveit/share/cr16_moveit/config/kinematics.yaml
[4.927s] -- Installing: /home/zy/dobot_ws/install/cr16_moveit/share/cr16_moveit/config/cr16_robot.srdf
[4.927s] -- Installing: /home/zy/dobot_ws/install/cr16_moveit/share/cr16_moveit/config/cr16_robot.urdf.xacro
[4.927s] -- Installing: /home/zy/dobot_ws/install/cr16_moveit/share/cr16_moveit/config/moveit_controllers.yaml
[4.928s] -- Installing: /home/zy/dobot_ws/install/cr16_moveit/share/cr16_moveit/config/cr16_robot.ros2_control.xacro
[4.928s] -- Installing: /home/zy/dobot_ws/install/cr16_moveit/share/cr16_moveit/.setup_assistant
[5.294s] Invoked command in '/home/zy/dobot_ws/build/cr16_moveit' returned '0': AMENT_PREFIX_PATH=/home/zy/dobot_ws/install/dobot_rviz:${AMENT_PREFIX_PATH} CMAKE_PREFIX_PATH=/home/zy/dobot_ws/install/dobot_rviz:/opt/ros/humble /usr/bin/cmake --install /home/zy/dobot_ws/build/cr16_moveit
