[0.028s] Invoking command in '/home/zy/dobot_ws/build/nova5_moveit': CMAKE_PREFIX_PATH=/home/zy/dobot_ws/install/dobot_rviz:/home/zy/dobot_ws/install/obstacle_avoidance:/home/zy/dobot_ws/install/nova5_moveit:/home/zy/dobot_ws/install/nova2_moveit:/home/zy/dobot_ws/install/cr7_moveit:/home/zy/dobot_ws/install/cr5_moveit:/home/zy/dobot_ws/install/cr3_moveit:/home/zy/dobot_ws/install/cr16_moveit:/home/zy/dobot_ws/install/cr12_moveit:/home/zy/dobot_ws/install/cr10_moveit:/home/zy/dobot_ws/install/dobot_msgs_v3:/home/zy/dobot_ws/install/dobot_gazebo:/home/zy/dobot_ws/install/cra_description:/home/zy/dobot_ws/install/servo_action:/home/zy/dobot_ws/install/dobot_bringup_v3:/home/zy/dobot_ws/install/dobot_moveit:/home/zy/dobot_ws/install/dobot_demo:/opt/ros/humble /usr/bin/cmake /home/zy/dobot_ws/src/DOBOT_6Axis_ROS2_V3/nova5_moveit -DCMAKE_INSTALL_PREFIX=/home/zy/dobot_ws/install/nova5_moveit
[0.165s] -- The C compiler identification is GNU 11.4.0
[0.317s] -- The CXX compiler identification is GNU 11.4.0
[0.335s] -- Detecting C compiler ABI info
[0.503s] -- Detecting C compiler ABI info - done
[0.525s] -- Check for working C compiler: /usr/bin/cc - skipped
[0.526s] -- Detecting C compile features
[0.527s] -- Detecting C compile features - done
[0.534s] -- Detecting CXX compiler ABI info
[0.722s] -- Detecting CXX compiler ABI info - done
[0.742s] -- Check for working CXX compiler: /usr/bin/c++ - skipped
[0.743s] -- Detecting CXX compile features
[0.744s] -- Detecting CXX compile features - done
[0.752s] -- Found ament_cmake: 1.3.12 (/opt/ros/humble/share/ament_cmake/cmake)
[1.087s] -- Found Python3: /usr/bin/python3 (found version "3.10.12") found components: Interpreter 
[1.372s] -- Configuring done
[1.375s] -- Generating done
[1.377s] -- Build files have been written to: /home/zy/dobot_ws/build/nova5_moveit
[1.384s] Invoked command in '/home/zy/dobot_ws/build/nova5_moveit' returned '0': CMAKE_PREFIX_PATH=/home/zy/dobot_ws/install/dobot_rviz:/home/zy/dobot_ws/install/obstacle_avoidance:/home/zy/dobot_ws/install/nova5_moveit:/home/zy/dobot_ws/install/nova2_moveit:/home/zy/dobot_ws/install/cr7_moveit:/home/zy/dobot_ws/install/cr5_moveit:/home/zy/dobot_ws/install/cr3_moveit:/home/zy/dobot_ws/install/cr16_moveit:/home/zy/dobot_ws/install/cr12_moveit:/home/zy/dobot_ws/install/cr10_moveit:/home/zy/dobot_ws/install/dobot_msgs_v3:/home/zy/dobot_ws/install/dobot_gazebo:/home/zy/dobot_ws/install/cra_description:/home/zy/dobot_ws/install/servo_action:/home/zy/dobot_ws/install/dobot_bringup_v3:/home/zy/dobot_ws/install/dobot_moveit:/home/zy/dobot_ws/install/dobot_demo:/opt/ros/humble /usr/bin/cmake /home/zy/dobot_ws/src/DOBOT_6Axis_ROS2_V3/nova5_moveit -DCMAKE_INSTALL_PREFIX=/home/zy/dobot_ws/install/nova5_moveit
[1.388s] Invoking command in '/home/zy/dobot_ws/build/nova5_moveit': CMAKE_PREFIX_PATH=/home/zy/dobot_ws/install/dobot_rviz:/home/zy/dobot_ws/install/obstacle_avoidance:/home/zy/dobot_ws/install/nova5_moveit:/home/zy/dobot_ws/install/nova2_moveit:/home/zy/dobot_ws/install/cr7_moveit:/home/zy/dobot_ws/install/cr5_moveit:/home/zy/dobot_ws/install/cr3_moveit:/home/zy/dobot_ws/install/cr16_moveit:/home/zy/dobot_ws/install/cr12_moveit:/home/zy/dobot_ws/install/cr10_moveit:/home/zy/dobot_ws/install/dobot_msgs_v3:/home/zy/dobot_ws/install/dobot_gazebo:/home/zy/dobot_ws/install/cra_description:/home/zy/dobot_ws/install/servo_action:/home/zy/dobot_ws/install/dobot_bringup_v3:/home/zy/dobot_ws/install/dobot_moveit:/home/zy/dobot_ws/install/dobot_demo:/opt/ros/humble /usr/bin/cmake --build /home/zy/dobot_ws/build/nova5_moveit -- -j32 -l32
[1.456s] Invoked command in '/home/zy/dobot_ws/build/nova5_moveit' returned '0': CMAKE_PREFIX_PATH=/home/zy/dobot_ws/install/dobot_rviz:/home/zy/dobot_ws/install/obstacle_avoidance:/home/zy/dobot_ws/install/nova5_moveit:/home/zy/dobot_ws/install/nova2_moveit:/home/zy/dobot_ws/install/cr7_moveit:/home/zy/dobot_ws/install/cr5_moveit:/home/zy/dobot_ws/install/cr3_moveit:/home/zy/dobot_ws/install/cr16_moveit:/home/zy/dobot_ws/install/cr12_moveit:/home/zy/dobot_ws/install/cr10_moveit:/home/zy/dobot_ws/install/dobot_msgs_v3:/home/zy/dobot_ws/install/dobot_gazebo:/home/zy/dobot_ws/install/cra_description:/home/zy/dobot_ws/install/servo_action:/home/zy/dobot_ws/install/dobot_bringup_v3:/home/zy/dobot_ws/install/dobot_moveit:/home/zy/dobot_ws/install/dobot_demo:/opt/ros/humble /usr/bin/cmake --build /home/zy/dobot_ws/build/nova5_moveit -- -j32 -l32
[1.474s] Invoking command in '/home/zy/dobot_ws/build/nova5_moveit': CMAKE_PREFIX_PATH=/home/zy/dobot_ws/install/dobot_rviz:/home/zy/dobot_ws/install/obstacle_avoidance:/home/zy/dobot_ws/install/nova5_moveit:/home/zy/dobot_ws/install/nova2_moveit:/home/zy/dobot_ws/install/cr7_moveit:/home/zy/dobot_ws/install/cr5_moveit:/home/zy/dobot_ws/install/cr3_moveit:/home/zy/dobot_ws/install/cr16_moveit:/home/zy/dobot_ws/install/cr12_moveit:/home/zy/dobot_ws/install/cr10_moveit:/home/zy/dobot_ws/install/dobot_msgs_v3:/home/zy/dobot_ws/install/dobot_gazebo:/home/zy/dobot_ws/install/cra_description:/home/zy/dobot_ws/install/servo_action:/home/zy/dobot_ws/install/dobot_bringup_v3:/home/zy/dobot_ws/install/dobot_moveit:/home/zy/dobot_ws/install/dobot_demo:/opt/ros/humble /usr/bin/cmake --install /home/zy/dobot_ws/build/nova5_moveit
[1.485s] -- Install configuration: ""
[1.485s] -- Installing: /home/zy/dobot_ws/install/nova5_moveit/share/ament_index/resource_index/package_run_dependencies/nova5_moveit
[1.486s] -- Installing: /home/zy/dobot_ws/install/nova5_moveit/share/ament_index/resource_index/parent_prefix_path/nova5_moveit
[1.486s] -- Installing: /home/zy/dobot_ws/install/nova5_moveit/share/nova5_moveit/environment/ament_prefix_path.sh
[1.486s] -- Installing: /home/zy/dobot_ws/install/nova5_moveit/share/nova5_moveit/environment/ament_prefix_path.dsv
[1.486s] -- Installing: /home/zy/dobot_ws/install/nova5_moveit/share/nova5_moveit/environment/path.sh
[1.486s] -- Installing: /home/zy/dobot_ws/install/nova5_moveit/share/nova5_moveit/environment/path.dsv
[1.487s] -- Installing: /home/zy/dobot_ws/install/nova5_moveit/share/nova5_moveit/local_setup.bash
[1.487s] -- Installing: /home/zy/dobot_ws/install/nova5_moveit/share/nova5_moveit/local_setup.sh
[1.487s] -- Installing: /home/zy/dobot_ws/install/nova5_moveit/share/nova5_moveit/local_setup.zsh
[1.487s] -- Installing: /home/zy/dobot_ws/install/nova5_moveit/share/nova5_moveit/local_setup.dsv
[1.487s] -- Installing: /home/zy/dobot_ws/install/nova5_moveit/share/nova5_moveit/package.dsv
[1.487s] -- Installing: /home/zy/dobot_ws/install/nova5_moveit/share/ament_index/resource_index/packages/nova5_moveit
[1.487s] -- Installing: /home/zy/dobot_ws/install/nova5_moveit/share/nova5_moveit/cmake/nova5_moveitConfig.cmake
[1.487s] -- Installing: /home/zy/dobot_ws/install/nova5_moveit/share/nova5_moveit/cmake/nova5_moveitConfig-version.cmake
[1.488s] -- Installing: /home/zy/dobot_ws/install/nova5_moveit/share/nova5_moveit/package.xml
[1.488s] -- Installing: /home/zy/dobot_ws/install/nova5_moveit/share/nova5_moveit/launch
[1.488s] -- Installing: /home/zy/dobot_ws/install/nova5_moveit/share/nova5_moveit/launch/move_group.launch.py
[1.488s] -- Installing: /home/zy/dobot_ws/install/nova5_moveit/share/nova5_moveit/launch/warehouse_db.launch.py
[1.488s] -- Installing: /home/zy/dobot_ws/install/nova5_moveit/share/nova5_moveit/launch/spawn_controllers.launch.py
[1.488s] -- Installing: /home/zy/dobot_ws/install/nova5_moveit/share/nova5_moveit/launch/static_virtual_joint_tfs.launch.py
[1.488s] -- Installing: /home/zy/dobot_ws/install/nova5_moveit/share/nova5_moveit/launch/demo.launch.py
[1.488s] -- Installing: /home/zy/dobot_ws/install/nova5_moveit/share/nova5_moveit/launch/rsp.launch.py
[1.488s] -- Installing: /home/zy/dobot_ws/install/nova5_moveit/share/nova5_moveit/launch/setup_assistant.launch.py
[1.488s] -- Installing: /home/zy/dobot_ws/install/nova5_moveit/share/nova5_moveit/launch/moveit_rviz.launch.py
[1.488s] -- Installing: /home/zy/dobot_ws/install/nova5_moveit/share/nova5_moveit/launch/moveit_gazebo.launch.py
[1.489s] -- Installing: /home/zy/dobot_ws/install/nova5_moveit/share/nova5_moveit/launch/dobot_moveit.launch.py
[1.489s] -- Installing: /home/zy/dobot_ws/install/nova5_moveit/share/nova5_moveit/config
[1.489s] -- Installing: /home/zy/dobot_ws/install/nova5_moveit/share/nova5_moveit/config/ros2_controllers.yaml
[1.489s] -- Installing: /home/zy/dobot_ws/install/nova5_moveit/share/nova5_moveit/config/initial_positions.yaml
[1.489s] -- Installing: /home/zy/dobot_ws/install/nova5_moveit/share/nova5_moveit/config/joint_limits.yaml
[1.489s] -- Installing: /home/zy/dobot_ws/install/nova5_moveit/share/nova5_moveit/config/nova5_robot.urdf.xacro
[1.489s] -- Installing: /home/zy/dobot_ws/install/nova5_moveit/share/nova5_moveit/config/moveit.rviz
[1.489s] -- Installing: /home/zy/dobot_ws/install/nova5_moveit/share/nova5_moveit/config/pilz_cartesian_limits.yaml
[1.489s] -- Installing: /home/zy/dobot_ws/install/nova5_moveit/share/nova5_moveit/config/kinematics.yaml
[1.489s] -- Installing: /home/zy/dobot_ws/install/nova5_moveit/share/nova5_moveit/config/nova5_robot.srdf
[1.490s] -- Installing: /home/zy/dobot_ws/install/nova5_moveit/share/nova5_moveit/config/nova5_robot.ros2_control.xacro
[1.490s] -- Installing: /home/zy/dobot_ws/install/nova5_moveit/share/nova5_moveit/config/moveit_controllers.yaml
[1.490s] -- Installing: /home/zy/dobot_ws/install/nova5_moveit/share/nova5_moveit/.setup_assistant
[1.492s] Invoked command in '/home/zy/dobot_ws/build/nova5_moveit' returned '0': CMAKE_PREFIX_PATH=/home/zy/dobot_ws/install/dobot_rviz:/home/zy/dobot_ws/install/obstacle_avoidance:/home/zy/dobot_ws/install/nova5_moveit:/home/zy/dobot_ws/install/nova2_moveit:/home/zy/dobot_ws/install/cr7_moveit:/home/zy/dobot_ws/install/cr5_moveit:/home/zy/dobot_ws/install/cr3_moveit:/home/zy/dobot_ws/install/cr16_moveit:/home/zy/dobot_ws/install/cr12_moveit:/home/zy/dobot_ws/install/cr10_moveit:/home/zy/dobot_ws/install/dobot_msgs_v3:/home/zy/dobot_ws/install/dobot_gazebo:/home/zy/dobot_ws/install/cra_description:/home/zy/dobot_ws/install/servo_action:/home/zy/dobot_ws/install/dobot_bringup_v3:/home/zy/dobot_ws/install/dobot_moveit:/home/zy/dobot_ws/install/dobot_demo:/opt/ros/humble /usr/bin/cmake --install /home/zy/dobot_ws/build/nova5_moveit
