[0.013s] Invoking command in '/home/zy/dobot_ws/build/obstacle_avoidance': CMAKE_PREFIX_PATH=${CMAKE_PREFIX_PATH}:/home/zy/dobot_ws/install/servo_action:/home/zy/dobot_ws/install/dobot_bringup_v3:/home/zy/dobot_ws/install/dobot_moveit:/home/zy/dobot_ws/install/dobot_demo:/opt/ros/humble /usr/bin/cmake --build /home/zy/dobot_ws/build/obstacle_avoidance -- -j32 -l32
[0.056s] Invoked command in '/home/zy/dobot_ws/build/obstacle_avoidance' returned '0': CMAKE_PREFIX_PATH=${CMAKE_PREFIX_PATH}:/home/zy/dobot_ws/install/servo_action:/home/zy/dobot_ws/install/dobot_bringup_v3:/home/zy/dobot_ws/install/dobot_moveit:/home/zy/dobot_ws/install/dobot_demo:/opt/ros/humble /usr/bin/cmake --build /home/zy/dobot_ws/build/obstacle_avoidance -- -j32 -l32
[0.066s] Invoking command in '/home/zy/dobot_ws/build/obstacle_avoidance': CMAKE_PREFIX_PATH=${CMAKE_PREFIX_PATH}:/home/zy/dobot_ws/install/servo_action:/home/zy/dobot_ws/install/dobot_bringup_v3:/home/zy/dobot_ws/install/dobot_moveit:/home/zy/dobot_ws/install/dobot_demo:/opt/ros/humble /usr/bin/cmake --install /home/zy/dobot_ws/build/obstacle_avoidance
[0.073s] -- Install configuration: ""
[0.073s] -- Up-to-date: /home/zy/dobot_ws/install/obstacle_avoidance/share/obstacle_avoidance/launch
[0.073s] -- Up-to-date: /home/zy/dobot_ws/install/obstacle_avoidance/share/obstacle_avoidance/launch/camera.launch.py
[0.073s] -- Up-to-date: /home/zy/dobot_ws/install/obstacle_avoidance/share/obstacle_avoidance/launch/camera_tf.launch.py
[0.073s] -- Up-to-date: /home/zy/dobot_ws/install/obstacle_avoidance/share/obstacle_avoidance/launch/octomap.launch.py
[0.073s] -- Up-to-date: /home/zy/dobot_ws/install/obstacle_avoidance/share/obstacle_avoidance/launch/obstacle_avoidance.launch.py
[0.073s] -- Up-to-date: /home/zy/dobot_ws/install/obstacle_avoidance/share/obstacle_avoidance/launch/move_group_sensors.launch.py
[0.074s] -- Up-to-date: /home/zy/dobot_ws/install/obstacle_avoidance/share/obstacle_avoidance/config
[0.074s] -- Up-to-date: /home/zy/dobot_ws/install/obstacle_avoidance/share/obstacle_avoidance/config/octomap_config.yaml
[0.074s] -- Up-to-date: /home/zy/dobot_ws/install/obstacle_avoidance/lib/obstacle_avoidance/octomap_to_planning_scene.py
[0.074s] [31mCMake Error at cmake_install.cmake:53 (file):
[0.074s]   file INSTALL cannot find
[0.074s]   "/home/zy/dobot_ws/src/obstacle_avoidance/scripts/pointcloud_filter.py": No
[0.074s]   such file or directory.
[0.074s] 
[0.074s] [0m
[0.075s] Invoked command in '/home/zy/dobot_ws/build/obstacle_avoidance' returned '1': CMAKE_PREFIX_PATH=${CMAKE_PREFIX_PATH}:/home/zy/dobot_ws/install/servo_action:/home/zy/dobot_ws/install/dobot_bringup_v3:/home/zy/dobot_ws/install/dobot_moveit:/home/zy/dobot_ws/install/dobot_demo:/opt/ros/humble /usr/bin/cmake --install /home/zy/dobot_ws/build/obstacle_avoidance
