[0.011s] Invoking command in '/home/zy/dobot_ws/build/obstacle_avoidance': CMAKE_PREFIX_PATH=${CMAKE_PREFIX_PATH}:/home/zy/dobot_ws/install/servo_action:/home/zy/dobot_ws/install/dobot_bringup_v3:/home/zy/dobot_ws/install/dobot_moveit:/home/zy/dobot_ws/install/dobot_demo:/opt/ros/humble /usr/bin/cmake --build /home/zy/dobot_ws/build/obstacle_avoidance -- -j32 -l32
[0.035s] -- Found ament_cmake: 1.3.12 (/opt/ros/humble/share/ament_cmake/cmake)
[0.217s] -- Configuring done
[0.219s] -- Generating done
[0.221s] -- Build files have been written to: /home/zy/dobot_ws/build/obstacle_avoidance
[0.242s] Invoked command in '/home/zy/dobot_ws/build/obstacle_avoidance' returned '0': CMAKE_PREFIX_PATH=${CMAKE_PREFIX_PATH}:/home/zy/dobot_ws/install/servo_action:/home/zy/dobot_ws/install/dobot_bringup_v3:/home/zy/dobot_ws/install/dobot_moveit:/home/zy/dobot_ws/install/dobot_demo:/opt/ros/humble /usr/bin/cmake --build /home/zy/dobot_ws/build/obstacle_avoidance -- -j32 -l32
[0.253s] Invoking command in '/home/zy/dobot_ws/build/obstacle_avoidance': CMAKE_PREFIX_PATH=${CMAKE_PREFIX_PATH}:/home/zy/dobot_ws/install/servo_action:/home/zy/dobot_ws/install/dobot_bringup_v3:/home/zy/dobot_ws/install/dobot_moveit:/home/zy/dobot_ws/install/dobot_demo:/opt/ros/humble /usr/bin/cmake --install /home/zy/dobot_ws/build/obstacle_avoidance
[0.260s] -- Install configuration: ""
[0.260s] -- Up-to-date: /home/zy/dobot_ws/install/obstacle_avoidance/share/obstacle_avoidance/launch
[0.261s] -- Up-to-date: /home/zy/dobot_ws/install/obstacle_avoidance/share/obstacle_avoidance/launch/camera.launch.py
[0.261s] -- Up-to-date: /home/zy/dobot_ws/install/obstacle_avoidance/share/obstacle_avoidance/launch/camera_tf.launch.py
[0.261s] -- Up-to-date: /home/zy/dobot_ws/install/obstacle_avoidance/share/obstacle_avoidance/launch/octomap.launch.py
[0.261s] -- Up-to-date: /home/zy/dobot_ws/install/obstacle_avoidance/share/obstacle_avoidance/launch/obstacle_avoidance.launch.py
[0.261s] -- Up-to-date: /home/zy/dobot_ws/install/obstacle_avoidance/share/obstacle_avoidance/launch/move_group_sensors.launch.py
[0.261s] -- Up-to-date: /home/zy/dobot_ws/install/obstacle_avoidance/share/obstacle_avoidance/config
[0.261s] -- Up-to-date: /home/zy/dobot_ws/install/obstacle_avoidance/share/obstacle_avoidance/config/octomap_config.yaml
[0.261s] -- Up-to-date: /home/zy/dobot_ws/install/obstacle_avoidance/lib/obstacle_avoidance/octomap_to_planning_scene.py
[0.261s] -- Installing: /home/zy/dobot_ws/install/obstacle_avoidance/lib/obstacle_avoidance/self_filter.py
[0.261s] -- Up-to-date: /home/zy/dobot_ws/install/obstacle_avoidance/share/ament_index/resource_index/package_run_dependencies/obstacle_avoidance
[0.262s] -- Up-to-date: /home/zy/dobot_ws/install/obstacle_avoidance/share/ament_index/resource_index/parent_prefix_path/obstacle_avoidance
[0.262s] -- Up-to-date: /home/zy/dobot_ws/install/obstacle_avoidance/share/obstacle_avoidance/environment/ament_prefix_path.sh
[0.262s] -- Installing: /home/zy/dobot_ws/install/obstacle_avoidance/share/obstacle_avoidance/environment/ament_prefix_path.dsv
[0.262s] -- Up-to-date: /home/zy/dobot_ws/install/obstacle_avoidance/share/obstacle_avoidance/environment/path.sh
[0.262s] -- Installing: /home/zy/dobot_ws/install/obstacle_avoidance/share/obstacle_avoidance/environment/path.dsv
[0.262s] -- Up-to-date: /home/zy/dobot_ws/install/obstacle_avoidance/share/obstacle_avoidance/local_setup.bash
[0.262s] -- Up-to-date: /home/zy/dobot_ws/install/obstacle_avoidance/share/obstacle_avoidance/local_setup.sh
[0.262s] -- Up-to-date: /home/zy/dobot_ws/install/obstacle_avoidance/share/obstacle_avoidance/local_setup.zsh
[0.262s] -- Installing: /home/zy/dobot_ws/install/obstacle_avoidance/share/obstacle_avoidance/local_setup.dsv
[0.262s] -- Installing: /home/zy/dobot_ws/install/obstacle_avoidance/share/obstacle_avoidance/package.dsv
[0.263s] -- Up-to-date: /home/zy/dobot_ws/install/obstacle_avoidance/share/ament_index/resource_index/packages/obstacle_avoidance
[0.263s] -- Up-to-date: /home/zy/dobot_ws/install/obstacle_avoidance/share/obstacle_avoidance/cmake/obstacle_avoidanceConfig.cmake
[0.263s] -- Up-to-date: /home/zy/dobot_ws/install/obstacle_avoidance/share/obstacle_avoidance/cmake/obstacle_avoidanceConfig-version.cmake
[0.263s] -- Up-to-date: /home/zy/dobot_ws/install/obstacle_avoidance/share/obstacle_avoidance/package.xml
[0.264s] Invoked command in '/home/zy/dobot_ws/build/obstacle_avoidance' returned '0': CMAKE_PREFIX_PATH=${CMAKE_PREFIX_PATH}:/home/zy/dobot_ws/install/servo_action:/home/zy/dobot_ws/install/dobot_bringup_v3:/home/zy/dobot_ws/install/dobot_moveit:/home/zy/dobot_ws/install/dobot_demo:/opt/ros/humble /usr/bin/cmake --install /home/zy/dobot_ws/build/obstacle_avoidance
