[0.181s] Invoking command in '/home/zy/dobot_ws/build/cr12_moveit': AMENT_PREFIX_PATH=/home/zy/dobot_ws/install/dobot_rviz:${AMENT_PREFIX_PATH} CMAKE_PREFIX_PATH=/home/zy/dobot_ws/install/dobot_rviz:/opt/ros/humble /usr/bin/cmake /home/zy/dobot_ws/src/DOBOT_6Axis_ROS2_V3/cr12_moveit -DCMAKE_INSTALL_PREFIX=/home/zy/dobot_ws/install/cr12_moveit
[0.515s] -- The C compiler identification is GNU 11.4.0
[0.900s] -- The CXX compiler identification is GNU 11.4.0
[0.957s] -- Detecting C compiler ABI info
[1.402s] -- Detecting C compiler ABI info - done
[1.465s] -- Check for working C compiler: /usr/bin/cc - skipped
[1.466s] -- Detecting C compile features
[1.470s] -- Detecting C compile features - done
[1.519s] -- Detecting CXX compiler ABI info
[2.012s] -- Detecting CXX compiler ABI info - done
[2.080s] -- Check for working CXX compiler: /usr/bin/c++ - skipped
[2.082s] -- Detecting CXX compile features
[2.086s] -- Detecting CXX compile features - done
[2.106s] -- Found ament_cmake: 1.3.12 (/opt/ros/humble/share/ament_cmake/cmake)
[3.140s] -- Found Python3: /usr/bin/python3 (found version "3.10.12") found components: Interpreter 
[4.355s] -- Configuring done
[4.368s] -- Generating done
[4.382s] -- Build files have been written to: /home/zy/dobot_ws/build/cr12_moveit
[4.435s] Invoked command in '/home/zy/dobot_ws/build/cr12_moveit' returned '0': AMENT_PREFIX_PATH=/home/zy/dobot_ws/install/dobot_rviz:${AMENT_PREFIX_PATH} CMAKE_PREFIX_PATH=/home/zy/dobot_ws/install/dobot_rviz:/opt/ros/humble /usr/bin/cmake /home/zy/dobot_ws/src/DOBOT_6Axis_ROS2_V3/cr12_moveit -DCMAKE_INSTALL_PREFIX=/home/zy/dobot_ws/install/cr12_moveit
[4.443s] Invoking command in '/home/zy/dobot_ws/build/cr12_moveit': AMENT_PREFIX_PATH=/home/zy/dobot_ws/install/dobot_rviz:${AMENT_PREFIX_PATH} CMAKE_PREFIX_PATH=/home/zy/dobot_ws/install/dobot_rviz:/opt/ros/humble /usr/bin/cmake --build /home/zy/dobot_ws/build/cr12_moveit -- -j32 -l32
[5.103s] Invoked command in '/home/zy/dobot_ws/build/cr12_moveit' returned '0': AMENT_PREFIX_PATH=/home/zy/dobot_ws/install/dobot_rviz:${AMENT_PREFIX_PATH} CMAKE_PREFIX_PATH=/home/zy/dobot_ws/install/dobot_rviz:/opt/ros/humble /usr/bin/cmake --build /home/zy/dobot_ws/build/cr12_moveit -- -j32 -l32
[5.114s] Invoking command in '/home/zy/dobot_ws/build/cr12_moveit': AMENT_PREFIX_PATH=/home/zy/dobot_ws/install/dobot_rviz:${AMENT_PREFIX_PATH} CMAKE_PREFIX_PATH=/home/zy/dobot_ws/install/dobot_rviz:/opt/ros/humble /usr/bin/cmake --install /home/zy/dobot_ws/build/cr12_moveit
[5.225s] -- Install configuration: ""
[5.226s] -- Installing: /home/zy/dobot_ws/install/cr12_moveit/share/ament_index/resource_index/package_run_dependencies/cr12_moveit
[5.227s] -- Installing: /home/zy/dobot_ws/install/cr12_moveit/share/ament_index/resource_index/parent_prefix_path/cr12_moveit
[5.230s] -- Installing: /home/zy/dobot_ws/install/cr12_moveit/share/cr12_moveit/environment/ament_prefix_path.sh
[5.234s] -- Installing: /home/zy/dobot_ws/install/cr12_moveit/share/cr12_moveit/environment/ament_prefix_path.dsv
[5.236s] -- Installing: /home/zy/dobot_ws/install/cr12_moveit/share/cr12_moveit/environment/path.sh
[5.237s] -- Installing: /home/zy/dobot_ws/install/cr12_moveit/share/cr12_moveit/environment/path.dsv
[5.238s] -- Installing: /home/zy/dobot_ws/install/cr12_moveit/share/cr12_moveit/local_setup.bash
[5.239s] -- Installing: /home/zy/dobot_ws/install/cr12_moveit/share/cr12_moveit/local_setup.sh
[5.240s] -- Installing: /home/zy/dobot_ws/install/cr12_moveit/share/cr12_moveit/local_setup.zsh
[5.241s] -- Installing: /home/zy/dobot_ws/install/cr12_moveit/share/cr12_moveit/local_setup.dsv
[5.242s] -- Installing: /home/zy/dobot_ws/install/cr12_moveit/share/cr12_moveit/package.dsv
[5.242s] -- Installing: /home/zy/dobot_ws/install/cr12_moveit/share/ament_index/resource_index/packages/cr12_moveit
[5.244s] -- Installing: /home/zy/dobot_ws/install/cr12_moveit/share/cr12_moveit/cmake/cr12_moveitConfig.cmake
[5.246s] -- Installing: /home/zy/dobot_ws/install/cr12_moveit/share/cr12_moveit/cmake/cr12_moveitConfig-version.cmake
[5.253s] -- Installing: /home/zy/dobot_ws/install/cr12_moveit/share/cr12_moveit/package.xml
[5.273s] -- Installing: /home/zy/dobot_ws/install/cr12_moveit/share/cr12_moveit/launch
[5.274s] -- Installing: /home/zy/dobot_ws/install/cr12_moveit/share/cr12_moveit/launch/move_group.launch.py
[5.276s] -- Installing: /home/zy/dobot_ws/install/cr12_moveit/share/cr12_moveit/launch/warehouse_db.launch.py
[5.280s] -- Installing: /home/zy/dobot_ws/install/cr12_moveit/share/cr12_moveit/launch/spawn_controllers.launch.py
[5.282s] -- Installing: /home/zy/dobot_ws/install/cr12_moveit/share/cr12_moveit/launch/static_virtual_joint_tfs.launch.py
[5.285s] -- Installing: /home/zy/dobot_ws/install/cr12_moveit/share/cr12_moveit/launch/demo.launch.py
[5.288s] -- Installing: /home/zy/dobot_ws/install/cr12_moveit/share/cr12_moveit/launch/rsp.launch.py
[5.289s] -- Installing: /home/zy/dobot_ws/install/cr12_moveit/share/cr12_moveit/launch/setup_assistant.launch.py
[5.292s] -- Installing: /home/zy/dobot_ws/install/cr12_moveit/share/cr12_moveit/launch/moveit_rviz.launch.py
[5.293s] -- Installing: /home/zy/dobot_ws/install/cr12_moveit/share/cr12_moveit/launch/moveit_gazebo.launch.py
[5.294s] -- Installing: /home/zy/dobot_ws/install/cr12_moveit/share/cr12_moveit/launch/dobot_moveit.launch.py
[5.294s] -- Installing: /home/zy/dobot_ws/install/cr12_moveit/share/cr12_moveit/config
[5.295s] -- Installing: /home/zy/dobot_ws/install/cr12_moveit/share/cr12_moveit/config/ros2_controllers.yaml
[5.295s] -- Installing: /home/zy/dobot_ws/install/cr12_moveit/share/cr12_moveit/config/initial_positions.yaml
[5.297s] -- Installing: /home/zy/dobot_ws/install/cr12_moveit/share/cr12_moveit/config/joint_limits.yaml
[5.298s] -- Installing: /home/zy/dobot_ws/install/cr12_moveit/share/cr12_moveit/config/moveit.rviz
[5.298s] -- Installing: /home/zy/dobot_ws/install/cr12_moveit/share/cr12_moveit/config/pilz_cartesian_limits.yaml
[5.299s] -- Installing: /home/zy/dobot_ws/install/cr12_moveit/share/cr12_moveit/config/kinematics.yaml
[5.300s] -- Installing: /home/zy/dobot_ws/install/cr12_moveit/share/cr12_moveit/config/cr12_robot.urdf.xacro
[5.300s] -- Installing: /home/zy/dobot_ws/install/cr12_moveit/share/cr12_moveit/config/moveit_controllers.yaml
[5.300s] -- Installing: /home/zy/dobot_ws/install/cr12_moveit/share/cr12_moveit/config/cr12_robot.ros2_control.xacro
[5.301s] -- Installing: /home/zy/dobot_ws/install/cr12_moveit/share/cr12_moveit/config/cr12_robot.srdf
[5.301s] -- Installing: /home/zy/dobot_ws/install/cr12_moveit/share/cr12_moveit/.setup_assistant
[5.422s] Invoked command in '/home/zy/dobot_ws/build/cr12_moveit' returned '0': AMENT_PREFIX_PATH=/home/zy/dobot_ws/install/dobot_rviz:${AMENT_PREFIX_PATH} CMAKE_PREFIX_PATH=/home/zy/dobot_ws/install/dobot_rviz:/opt/ros/humble /usr/bin/cmake --install /home/zy/dobot_ws/build/cr12_moveit
