/home/zy/dobot_ws/install/dobot_bringup_v3/lib/python3.10/site-packages/dobot_bringup_v3/feedback.py
/home/zy/dobot_ws/install/dobot_bringup_v3/lib/python3.10/site-packages/dobot_bringup_v3/__init__.py
/home/zy/dobot_ws/install/dobot_bringup_v3/lib/python3.10/site-packages/dobot_bringup_v3/dobot_api.py
/home/zy/dobot_ws/install/dobot_bringup_v3/lib/python3.10/site-packages/dobot_bringup_v3/dobot_bringup.py
/home/zy/dobot_ws/install/dobot_bringup_v3/lib/python3.10/site-packages/dobot_bringup_v3/__pycache__/feedback.cpython-310.pyc
/home/zy/dobot_ws/install/dobot_bringup_v3/lib/python3.10/site-packages/dobot_bringup_v3/__pycache__/__init__.cpython-310.pyc
/home/zy/dobot_ws/install/dobot_bringup_v3/lib/python3.10/site-packages/dobot_bringup_v3/__pycache__/dobot_api.cpython-310.pyc
/home/zy/dobot_ws/install/dobot_bringup_v3/lib/python3.10/site-packages/dobot_bringup_v3/__pycache__/dobot_bringup.cpython-310.pyc
/home/zy/dobot_ws/install/dobot_bringup_v3/share/ament_index/resource_index/packages/dobot_bringup_v3
/home/zy/dobot_ws/install/dobot_bringup_v3/share/dobot_bringup_v3/package.xml
/home/zy/dobot_ws/install/dobot_bringup_v3/share/dobot_bringup_v3/launch/dobot_bringup_ros2.launch.py
/home/zy/dobot_ws/install/dobot_bringup_v3/lib/python3.10/site-packages/dobot_bringup_v3-0.0.0-py3.10.egg-info/dependency_links.txt
/home/zy/dobot_ws/install/dobot_bringup_v3/lib/python3.10/site-packages/dobot_bringup_v3-0.0.0-py3.10.egg-info/SOURCES.txt
/home/zy/dobot_ws/install/dobot_bringup_v3/lib/python3.10/site-packages/dobot_bringup_v3-0.0.0-py3.10.egg-info/requires.txt
/home/zy/dobot_ws/install/dobot_bringup_v3/lib/python3.10/site-packages/dobot_bringup_v3-0.0.0-py3.10.egg-info/PKG-INFO
/home/zy/dobot_ws/install/dobot_bringup_v3/lib/python3.10/site-packages/dobot_bringup_v3-0.0.0-py3.10.egg-info/entry_points.txt
/home/zy/dobot_ws/install/dobot_bringup_v3/lib/python3.10/site-packages/dobot_bringup_v3-0.0.0-py3.10.egg-info/top_level.txt
/home/zy/dobot_ws/install/dobot_bringup_v3/lib/python3.10/site-packages/dobot_bringup_v3-0.0.0-py3.10.egg-info/zip-safe
/home/zy/dobot_ws/install/dobot_bringup_v3/lib/dobot_bringup_v3/dobot_bringup
/home/zy/dobot_ws/install/dobot_bringup_v3/lib/dobot_bringup_v3/feedback
