running egg_info
creating ../../../build/dobot_moveit/dobot_moveit.egg-info
writing ../../../build/dobot_moveit/dobot_moveit.egg-info/PKG-INFO
writing dependency_links to ../../../build/dobot_moveit/dobot_moveit.egg-info/dependency_links.txt
writing entry points to ../../../build/dobot_moveit/dobot_moveit.egg-info/entry_points.txt
writing requirements to ../../../build/dobot_moveit/dobot_moveit.egg-info/requires.txt
writing top-level names to ../../../build/dobot_moveit/dobot_moveit.egg-info/top_level.txt
writing manifest file '../../../build/dobot_moveit/dobot_moveit.egg-info/SOURCES.txt'
reading manifest file '../../../build/dobot_moveit/dobot_moveit.egg-info/SOURCES.txt'
writing manifest file '../../../build/dobot_moveit/dobot_moveit.egg-info/SOURCES.txt'
running build
running build_py
creating /home/zy/dobot_ws/build/dobot_moveit/build
creating /home/zy/dobot_ws/build/dobot_moveit/build/lib
creating /home/zy/dobot_ws/build/dobot_moveit/build/lib/dobot_moveit
copying dobot_moveit/action_move_server.py -> /home/zy/dobot_ws/build/dobot_moveit/build/lib/dobot_moveit
copying dobot_moveit/__init__.py -> /home/zy/dobot_ws/build/dobot_moveit/build/lib/dobot_moveit
copying dobot_moveit/joint_states.py -> /home/zy/dobot_ws/build/dobot_moveit/build/lib/dobot_moveit
running install
running install_lib
creating /home/zy/dobot_ws/install/dobot_moveit/lib/python3.10/site-packages/dobot_moveit
copying /home/zy/dobot_ws/build/dobot_moveit/build/lib/dobot_moveit/action_move_server.py -> /home/zy/dobot_ws/install/dobot_moveit/lib/python3.10/site-packages/dobot_moveit
copying /home/zy/dobot_ws/build/dobot_moveit/build/lib/dobot_moveit/__init__.py -> /home/zy/dobot_ws/install/dobot_moveit/lib/python3.10/site-packages/dobot_moveit
copying /home/zy/dobot_ws/build/dobot_moveit/build/lib/dobot_moveit/joint_states.py -> /home/zy/dobot_ws/install/dobot_moveit/lib/python3.10/site-packages/dobot_moveit
byte-compiling /home/zy/dobot_ws/install/dobot_moveit/lib/python3.10/site-packages/dobot_moveit/action_move_server.py to action_move_server.cpython-310.pyc
byte-compiling /home/zy/dobot_ws/install/dobot_moveit/lib/python3.10/site-packages/dobot_moveit/__init__.py to __init__.cpython-310.pyc
byte-compiling /home/zy/dobot_ws/install/dobot_moveit/lib/python3.10/site-packages/dobot_moveit/joint_states.py to joint_states.cpython-310.pyc
running install_data
creating /home/zy/dobot_ws/install/dobot_moveit/share/ament_index
creating /home/zy/dobot_ws/install/dobot_moveit/share/ament_index/resource_index
creating /home/zy/dobot_ws/install/dobot_moveit/share/ament_index/resource_index/packages
copying resource/dobot_moveit -> /home/zy/dobot_ws/install/dobot_moveit/share/ament_index/resource_index/packages
copying package.xml -> /home/zy/dobot_ws/install/dobot_moveit/share/dobot_moveit
creating /home/zy/dobot_ws/install/dobot_moveit/share/dobot_moveit/launch
copying launch/moveit_demo.launch.py -> /home/zy/dobot_ws/install/dobot_moveit/share/dobot_moveit/launch
copying launch/dobot_joint.launch.py -> /home/zy/dobot_ws/install/dobot_moveit/share/dobot_moveit/launch
copying launch/moveit_gazebo.launch.py -> /home/zy/dobot_ws/install/dobot_moveit/share/dobot_moveit/launch
copying launch/dobot_moveit.launch.py -> /home/zy/dobot_ws/install/dobot_moveit/share/dobot_moveit/launch
running install_egg_info
Copying ../../../build/dobot_moveit/dobot_moveit.egg-info to /home/zy/dobot_ws/install/dobot_moveit/lib/python3.10/site-packages/dobot_moveit-0.0.0-py3.10.egg-info
running install_scripts
Installing action_move_server script to /home/zy/dobot_ws/install/dobot_moveit/lib/dobot_moveit
Installing joint_states script to /home/zy/dobot_ws/install/dobot_moveit/lib/dobot_moveit
writing list of installed files to '/home/zy/dobot_ws/build/dobot_moveit/install.log'
