-- Install configuration: ""
-- Up-to-date: /home/zy/dobot_ws/install/nova2_moveit/share/ament_index/resource_index/package_run_dependencies/nova2_moveit
-- Up-to-date: /home/zy/dobot_ws/install/nova2_moveit/share/ament_index/resource_index/parent_prefix_path/nova2_moveit
-- Up-to-date: /home/zy/dobot_ws/install/nova2_moveit/share/nova2_moveit/environment/ament_prefix_path.sh
-- Up-to-date: /home/zy/dobot_ws/install/nova2_moveit/share/nova2_moveit/environment/ament_prefix_path.dsv
-- Up-to-date: /home/zy/dobot_ws/install/nova2_moveit/share/nova2_moveit/environment/path.sh
-- Up-to-date: /home/zy/dobot_ws/install/nova2_moveit/share/nova2_moveit/environment/path.dsv
-- Up-to-date: /home/zy/dobot_ws/install/nova2_moveit/share/nova2_moveit/local_setup.bash
-- Up-to-date: /home/zy/dobot_ws/install/nova2_moveit/share/nova2_moveit/local_setup.sh
-- Up-to-date: /home/zy/dobot_ws/install/nova2_moveit/share/nova2_moveit/local_setup.zsh
-- Up-to-date: /home/zy/dobot_ws/install/nova2_moveit/share/nova2_moveit/local_setup.dsv
-- Up-to-date: /home/zy/dobot_ws/install/nova2_moveit/share/nova2_moveit/package.dsv
-- Up-to-date: /home/zy/dobot_ws/install/nova2_moveit/share/ament_index/resource_index/packages/nova2_moveit
-- Up-to-date: /home/zy/dobot_ws/install/nova2_moveit/share/nova2_moveit/cmake/nova2_moveitConfig.cmake
-- Up-to-date: /home/zy/dobot_ws/install/nova2_moveit/share/nova2_moveit/cmake/nova2_moveitConfig-version.cmake
-- Up-to-date: /home/zy/dobot_ws/install/nova2_moveit/share/nova2_moveit/package.xml
-- Up-to-date: /home/zy/dobot_ws/install/nova2_moveit/share/nova2_moveit/launch
-- Up-to-date: /home/zy/dobot_ws/install/nova2_moveit/share/nova2_moveit/launch/move_group.launch.py
-- Up-to-date: /home/zy/dobot_ws/install/nova2_moveit/share/nova2_moveit/launch/warehouse_db.launch.py
-- Up-to-date: /home/zy/dobot_ws/install/nova2_moveit/share/nova2_moveit/launch/spawn_controllers.launch.py
-- Up-to-date: /home/zy/dobot_ws/install/nova2_moveit/share/nova2_moveit/launch/static_virtual_joint_tfs.launch.py
-- Up-to-date: /home/zy/dobot_ws/install/nova2_moveit/share/nova2_moveit/launch/demo.launch.py
-- Up-to-date: /home/zy/dobot_ws/install/nova2_moveit/share/nova2_moveit/launch/rsp.launch.py
-- Up-to-date: /home/zy/dobot_ws/install/nova2_moveit/share/nova2_moveit/launch/setup_assistant.launch.py
-- Up-to-date: /home/zy/dobot_ws/install/nova2_moveit/share/nova2_moveit/launch/moveit_rviz.launch.py
-- Up-to-date: /home/zy/dobot_ws/install/nova2_moveit/share/nova2_moveit/launch/moveit_gazebo.launch.py
-- Up-to-date: /home/zy/dobot_ws/install/nova2_moveit/share/nova2_moveit/launch/dobot_moveit.launch.py
-- Up-to-date: /home/zy/dobot_ws/install/nova2_moveit/share/nova2_moveit/config
-- Up-to-date: /home/zy/dobot_ws/install/nova2_moveit/share/nova2_moveit/config/ros2_controllers.yaml
-- Up-to-date: /home/zy/dobot_ws/install/nova2_moveit/share/nova2_moveit/config/nova2_robot.ros2_control.xacro
-- Up-to-date: /home/zy/dobot_ws/install/nova2_moveit/share/nova2_moveit/config/initial_positions.yaml
-- Up-to-date: /home/zy/dobot_ws/install/nova2_moveit/share/nova2_moveit/config/joint_limits.yaml
-- Up-to-date: /home/zy/dobot_ws/install/nova2_moveit/share/nova2_moveit/config/nova2_robot.urdf.xacro
-- Up-to-date: /home/zy/dobot_ws/install/nova2_moveit/share/nova2_moveit/config/moveit.rviz
-- Up-to-date: /home/zy/dobot_ws/install/nova2_moveit/share/nova2_moveit/config/pilz_cartesian_limits.yaml
-- Up-to-date: /home/zy/dobot_ws/install/nova2_moveit/share/nova2_moveit/config/kinematics.yaml
-- Up-to-date: /home/zy/dobot_ws/install/nova2_moveit/share/nova2_moveit/config/moveit_controllers.yaml
-- Up-to-date: /home/zy/dobot_ws/install/nova2_moveit/share/nova2_moveit/config/nova2_robot.srdf
-- Up-to-date: /home/zy/dobot_ws/install/nova2_moveit/share/nova2_moveit/.setup_assistant
